#
# A fatal error has been detected by the Java Runtime Environment:
#
#  EXCEPTION_ACCESS_VIOLATION (0xc0000005) at pc=0x00007ff8013c1be9, pid=41404, tid=38996
#
# JRE version:  (17.0.3.1+2) (build )
# Java VM: Java HotSpot(TM) 64-Bit Server VM (17.0.3.1+2-LTS-6, mixed mode, sharing, tiered, unknown gc, windows-amd64)
# Problematic frame:
# C  [jimage.dll+0x1be9]
#
# No core dump will be written. Minidumps are not enabled by default on client versions of Windows
#
#

---------------  S U M M A R Y ------------

Command Line: 

Host: Intel(R) Core(TM) i5-8265U CPU @ 1.60GHz, 8 cores, 3G,  Windows 10 , 64 bit Build 19041 (10.0.19041.1503)
Time: Tue Jul 12 02:43:27 2022 India Standard Time elapsed time: 0.026603 seconds (0d 0h 0m 0s)

---------------  T H R E A D  ---------------

Current thread is native thread

Stack: [0x000000868c100000,0x000000868c200000],  sp=0x000000868c1fd490,  free space=1013k
Native frames: (J=compiled Java code, j=interpreted, Vv=VM code, C=native code)
C  [jimage.dll+0x1be9]
C  [jimage.dll+0x1d77]
C  [jimage.dll+0x2655]
V  [jvm.dll+0x1ef2ba]
V  [jvm.dll+0xaed3e]
V  [jvm.dll+0x7813fc]
V  [jvm.dll+0x3e873f]
V  [jvm.dll+0x3ea1e1]
C  [jli.dll+0x527b]
C  [ucrtbase.dll+0x21bb2]
C  [KERNEL32.DLL+0x17034]
C  [ntdll.dll+0x52651]


siginfo: EXCEPTION_ACCESS_VIOLATION (0xc0000005), reading address 0x000000000000ff2c


Registers:
RAX=0x0000000000003fc4, RBX=0x000000868c1fd581, RCX=0x00007ff8013c6000, RDX=0x0000000000003fc4
RSP=0x000000868c1fd490, RBP=0x000000868c1fd580, RSI=0x00000000000071e4, RDI=0x000000868c1fd580
R8 =0x00007ff8013c4288, R9 =0x000000000000001c, R10=0x00007ff8013e0000, R11=0x00007ff8013c6000
R12=0x0000000000000000, R13=0x00000257e9fc5b20, R14=0x000000868c1fe5f0, R15=0x00007fffa9873578
RIP=0x00007ff8013c1be9, EFLAGS=0x0000000000010246

Top of Stack: (sp=0x000000868c1fd490)
0x000000868c1fd490:   000000868bc57000 0000000000000003
0x000000868c1fd4a0:   00000257e9df1788 000000868c1fd600
0x000000868c1fd4b0:   00000257e9fbfd30 00007ff8013c1d77
0x000000868c1fd4c0:   000000000000000b 00000257e9fbfd30
0x000000868c1fd4d0:   000000868c1fd521 000000868c1fd600
0x000000868c1fd4e0:   00000000000006f5 00000257e9fb0150
0x000000868c1fd4f0:   00000000000006f5 00000000000006f5
0x000000868c1fd500:   00000000000006f5 00000257e9fb0000
0x000000868c1fd510:   00000257ea0c0000 00007ff81738e2a9
0x000000868c1fd520:   0000a11dc8386c5a 0000000314000014
0x000000868c1fd530:   00007fffa9851b30 0000000000000017
0x000000868c1fd540:   00000257e9fbfd30 000000868c1fe5f0
0x000000868c1fd550:   000000000000000b 00007ff8013c2655
0x000000868c1fd560:   00000257ea0c0070 00000257ea0c0000
0x000000868c1fd570:   00000257e9fb0000 00000257e9fb0000
0x000000868c1fd580:   61622e6176616a2f 692f6b646a2f6573 

Instructions: (pc=0x00007ff8013c1be9)
0x00007ff8013c1ae9:   48 85 c9 74 1d 80 3d 1b 45 00 00 00 74 06 48 8b
0x00007ff8013c1af9:   53 18 eb 04 48 8b 53 40 e8 ae 0e 00 00 48 83 63
0x00007ff8013c1b09:   48 00 8b 4b 0c 83 f9 ff 74 09 e8 e4 0c 00 00 83
0x00007ff8013c1b19:   4b 0c ff 48 8b 4b 70 48 85 c9 74 0f ba 10 00 00
0x00007ff8013c1b29:   00 e8 fd 0e 00 00 48 83 63 70 00 48 83 c4 20 5b
0x00007ff8013c1b39:   c3 cc cc 40 53 48 83 ec 20 48 8b d9 48 8d 0d d4
0x00007ff8013c1b49:   46 00 00 e8 b3 0c 00 00 83 6b 08 01 75 24 48 8b
0x00007ff8013c1b59:   d3 48 8d 0d b7 44 00 00 e8 22 08 00 00 48 8b cb
0x00007ff8013c1b69:   e8 de fe ff ff ba 78 00 00 00 48 8b cb e8 b1 0e
0x00007ff8013c1b79:   00 00 48 8d 0d 9e 46 00 00 48 83 c4 20 5b e9 80
0x00007ff8013c1b89:   0c 00 00 48 89 5c 24 08 48 89 74 24 10 57 48 83
0x00007ff8013c1b99:   ec 20 41 8b f1 4d 8b c8 48 8b fa 4c 8b d9 4d 85
0x00007ff8013c1ba9:   c0 74 78 85 f6 74 74 44 8a 12 48 8d 5a 01 48 8b
0x00007ff8013c1bb9:   d3 b8 93 01 00 01 eb 12 69 c0 93 01 00 01 41 0f
0x00007ff8013c1bc9:   b6 ca 44 8a 12 33 c1 48 ff c2 45 84 d2 75 e9 4d
0x00007ff8013c1bd9:   8b 03 0f ba f0 1f 33 d2 49 8b cb f7 f6 48 63 c2
0x00007ff8013c1be9:   41 8b 14 81 41 ff 50 08 85 c0 7e 24 8a 0f eb 10
0x00007ff8013c1bf9:   69 c0 93 01 00 01 0f b6 c9 33 c1 8a 0b 48 ff c3
0x00007ff8013c1c09:   84 c9 75 ec 0f ba f0 1f 33 d2 f7 f6 8b c2 eb 0e
0x00007ff8013c1c19:   79 09 83 c9 ff 2b c8 8b c1 eb 03 83 c8 ff 48 8b
0x00007ff8013c1c29:   5c 24 30 48 8b 74 24 38 48 83 c4 20 5f c3 cc 48
0x00007ff8013c1c39:   89 5c 24 08 48 89 74 24 10 57 48 83 ec 20 48 8b
0x00007ff8013c1c49:   f1 48 8d 0d cf 45 00 00 e8 ae 0b 00 00 33 ff 39
0x00007ff8013c1c59:   3d ba 43 00 00 76 24 48 8b 05 b9 43 00 00 48 8b
0x00007ff8013c1c69:   d6 48 8b 1c f8 48 8b 0b e8 64 1e 00 00 85 c0 74
0x00007ff8013c1c79:   2b ff c7 3b 3d 96 43 00 00 72 dc 33 db 48 8d 0d
0x00007ff8013c1c89:   93 45 00 00 e8 7a 0b 00 00 48 8b 74 24 38 48 8b
0x00007ff8013c1c99:   c3 48 8b 5c 24 30 48 83 c4 20 5f c3 ff 43 08 eb
0x00007ff8013c1ca9:   dc cc cc 48 89 5c 24 08 48 89 74 24 10 57 48 83
0x00007ff8013c1cb9:   ec 20 48 8b d9 48 8b f2 48 8b 49 10 49 8b f8 8b
0x00007ff8013c1cc9:   53 30 48 8b 01 ff 50 20 4c 8b 43 50 48 8b d6 48
0x00007ff8013c1cd9:   8b 4b 10 44 8b c8 e8 a8 fe ff ff 83 f8 ff 74 38 



---------------  P R O C E S S  ---------------

VM state: not at safepoint (not fully initialized)

VM Mutex/Monitor currently owned by a thread: None

GC Precious Log:
<Not initialized>


Dynamic libraries:
0x00007ff6e1000000 - 0x00007ff6e1010000 	C:\Program Files\Java\jdk-17.0.3.1\bin\java.exe
0x00007ff817370000 - 0x00007ff817565000 	C:\WINDOWS\SYSTEM32\ntdll.dll
0x00007ff815600000 - 0x00007ff8156be000 	C:\WINDOWS\System32\KERNEL32.DLL
0x00007ff814d10000 - 0x00007ff814fd8000 	C:\WINDOWS\System32\KERNELBASE.dll
0x00007ff815030000 - 0x00007ff815130000 	C:\WINDOWS\System32\ucrtbase.dll
0x00007ff80db10000 - 0x00007ff80db28000 	C:\Program Files\Java\jdk-17.0.3.1\bin\jli.dll
0x00007ff8013e0000 - 0x00007ff8013fa000 	C:\Program Files\Java\jdk-17.0.3.1\bin\VCRUNTIME140.dll
0x00007ff8153c0000 - 0x00007ff81546e000 	C:\WINDOWS\System32\ADVAPI32.dll
0x00007ff8162b0000 - 0x00007ff81634e000 	C:\WINDOWS\System32\msvcrt.dll
0x00007ff816620000 - 0x00007ff8166bc000 	C:\WINDOWS\System32\sechost.dll
0x00007ff817200000 - 0x00007ff817325000 	C:\WINDOWS\System32\RPCRT4.dll
0x00007ff8163d0000 - 0x00007ff816570000 	C:\WINDOWS\System32\USER32.dll
0x00007ff814ce0000 - 0x00007ff814d02000 	C:\WINDOWS\System32\win32u.dll
0x00007ff816150000 - 0x00007ff81617b000 	C:\WINDOWS\System32\GDI32.dll
0x00007ffff2cb0000 - 0x00007ffff2f4a000 	C:\WINDOWS\WinSxS\amd64_microsoft.windows.common-controls_6595b64144ccf1df_6.0.19041.1110_none_60b5254171f9507e\COMCTL32.dll
0x00007ff814bd0000 - 0x00007ff814cdd000 	C:\WINDOWS\System32\gdi32full.dll
0x00007ff814b30000 - 0x00007ff814bcd000 	C:\WINDOWS\System32\msvcp_win.dll
0x00007ff80d760000 - 0x00007ff80d76a000 	C:\WINDOWS\SYSTEM32\VERSION.dll
0x00007ff816100000 - 0x00007ff816130000 	C:\WINDOWS\System32\IMM32.DLL
0x00007ff8013d0000 - 0x00007ff8013dc000 	C:\Program Files\Java\jdk-17.0.3.1\bin\vcruntime140_1.dll
0x00007fffd05d0000 - 0x00007fffd065d000 	C:\Program Files\Java\jdk-17.0.3.1\bin\msvcp140.dll
0x00007fffa8fa0000 - 0x00007fffa9b60000 	C:\Program Files\Java\jdk-17.0.3.1\bin\server\jvm.dll
0x00007ff816570000 - 0x00007ff816578000 	C:\WINDOWS\System32\PSAPI.DLL
0x00007ffffc0f0000 - 0x00007ffffc0f9000 	C:\WINDOWS\SYSTEM32\WSOCK32.dll
0x00007ffffa110000 - 0x00007ffffa137000 	C:\WINDOWS\SYSTEM32\WINMM.dll
0x00007ff816360000 - 0x00007ff8163cb000 	C:\WINDOWS\System32\WS2_32.dll
0x00007ff813310000 - 0x00007ff813322000 	C:\WINDOWS\SYSTEM32\kernel.appcore.dll
0x00007ff8013c0000 - 0x00007ff8013ca000 	C:\Program Files\Java\jdk-17.0.3.1\bin\jimage.dll
0x00007ff812fd0000 - 0x00007ff8131b4000 	C:\WINDOWS\SYSTEM32\DBGHELP.DLL
0x00007fffff020000 - 0x00007fffff04c000 	C:\WINDOWS\SYSTEM32\dbgcore.DLL
0x00007ff8152c0000 - 0x00007ff815342000 	C:\WINDOWS\System32\bcryptPrimitives.dll

dbghelp: loaded successfully - version: 4.0.5 - missing functions: none
symbol engine: initialized successfully - sym options: 0x614 - pdb path: .;C:\Program Files\Java\jdk-17.0.3.1\bin;C:\WINDOWS\SYSTEM32;C:\WINDOWS\WinSxS\amd64_microsoft.windows.common-controls_6595b64144ccf1df_6.0.19041.1110_none_60b5254171f9507e;C:\Program Files\Java\jdk-17.0.3.1\bin\server

VM Arguments:
java_command: <unknown>
java_class_path (initial): <not set>
Launcher Type: SUN_STANDARD

[Global flags]
     bool UseLargePagesIndividualAllocation        = false                                  {pd product} {ergonomic}

Logging:
Log output configuration:
 #0: stdout all=warning uptime,level,tags
 #1: stderr all=off uptime,level,tags

Environment Variables:
PATH=C:\Program Files\Common Files\Oracle\Java\javapath;C:\db_home\bin;C:\Users\rohit\Downloads\WINDOWS.X64_193000_db_home\bin;C:\Program Files (x86)\Common Files\Intel\Shared Files\cpp\bin\Intel64;C:\WINDOWS\system32;C:\WINDOWS;C:\WINDOWS\System32\Wbem;C:\WINDOWS\System32\WindowsPowerShell\v1.0\;C:\WINDOWS\System32\OpenSSH\;C:\Program Files\dotnet\;C:\Program Files (x86)\dotnet\;C:\Program Files\Java\jdk-17.0.3.1\bin;C:\Users\rohit\AppData\Local\Programs\Python\Python39\Scripts\;C:\Users\rohit\AppData\Local\Programs\Python\Python39\;C:\Users\rohit\AppData\Local\Microsoft\WindowsApps;
USERNAME=rohit
OS=Windows_NT
PROCESSOR_IDENTIFIER=Intel64 Family 6 Model 142 Stepping 12, GenuineIntel



---------------  S Y S T E M  ---------------

OS:
 Windows 10 , 64 bit Build 19041 (10.0.19041.1503)
OS uptime: 28 days 6:20 hours

CPU: total 8 (initial active 0) 

Memory: 4k page, system-wide physical 3982M (250M free)
TotalPageFile size 16270M (AvailPageFile size 2M)
current process WorkingSet (physical memory assigned to process): 7M, peak: 7M
current process commit charge ("private bytes"): 3M, peak: 3M

vm_info: Java HotSpot(TM) 64-Bit Server VM (17.0.3.1+2-LTS-6) for windows-amd64 JRE (17.0.3.1+2-LTS-6), built on Apr 25 2022 22:04:21 by "mach5one" with MS VC++ 16.8 / 16.9 (VS2019)

END.
