#
# There is insufficient memory for the Java Runtime Environment to continue.
# Native memory allocation (malloc) failed to allocate 62256 bytes for Chunk::new
# Possible reasons:
#   The system is out of physical RAM or swap space
#   The process is running with CompressedOops enabled, and the Java Heap may be blocking the growth of the native heap
# Possible solutions:
#   Reduce memory load on the system
#   Increase physical memory or swap space
#   Check if swap backing store is full
#   Decrease Java heap size (-Xmx/-Xms)
#   Decrease number of Java threads
#   Decrease Java thread stack sizes (-Xss)
#   Set larger code cache with -XX:ReservedCodeCacheSize=
#   JVM is running with Unscaled Compressed Oops mode in which the Java heap is
#     placed in the first 4GB address space. The Java Heap base address is the
#     maximum limit for the native heap growth. Please use -XX:HeapBaseMinAddress
#     to set the Java Heap base and to place the Java Heap above 4GB virtual address.
# This output file may be truncated or incomplete.
#
#  Out of Memory Error (arena.cpp:189), pid=51788, tid=34640
#
# JRE version: Java(TM) SE Runtime Environment (17.0.3.1+2) (build 17.0.3.1+2-LTS-6)
# Java VM: Java HotSpot(TM) 64-Bit Server VM (17.0.3.1+2-LTS-6, mixed mode, sharing, tiered, compressed oops, compressed class ptrs, g1 gc, windows-amd64)
# No core dump will be written. Minidumps are not enabled by default on client versions of Windows
#

---------------  S U M M A R Y ------------

Command Line: -Dfile.encoding=UTF-8 --module-path=C:\Users\rohit\Documents\NetBeansProjects\Electricity Billing System\build\classes electricity.billing.system.Login

Host: Intel(R) Core(TM) i5-8265U CPU @ 1.60GHz, 8 cores, 3G,  Windows 10 , 64 bit Build 19041 (10.0.19041.1503)
Time: Wed Jul 27 16:49:32 2022 India Standard Time elapsed time: 1.019648 seconds (0d 0h 0m 1s)

---------------  T H R E A D  ---------------

Current thread (0x000002dc121cb8c0):  JavaThread "C2 CompilerThread0" daemon [_thread_in_native, id=34640, stack(0x000000e86fd00000,0x000000e86fe00000)]


Current CompileTask:
C2:   1027  726       4       java.lang.AbstractStringBuilder::ensureCapacityInternal (39 bytes)

Stack: [0x000000e86fd00000,0x000000e86fe00000]
Native frames: (J=compiled Java code, j=interpreted, Vv=VM code, C=native code)
V  [jvm.dll+0x6711ba]
V  [jvm.dll+0x7d0834]
V  [jvm.dll+0x7d1fde]
V  [jvm.dll+0x7d2643]
V  [jvm.dll+0x242c85]
V  [jvm.dll+0xaa57b]
V  [jvm.dll+0xaab0c]
V  [jvm.dll+0x35ff22]
V  [jvm.dll+0x32a581]
V  [jvm.dll+0x329a2a]
V  [jvm.dll+0x215d61]
V  [jvm.dll+0x215181]
V  [jvm.dll+0x1a1c3d]
V  [jvm.dll+0x2249c8]
V  [jvm.dll+0x222b2c]
V  [jvm.dll+0x78650b]
V  [jvm.dll+0x780aca]
V  [jvm.dll+0x670045]
C  [ucrtbase.dll+0x21bb2]
C  [KERNEL32.DLL+0x17034]
C  [ntdll.dll+0x52651]


---------------  P R O C E S S  ---------------

Threads class SMR info:
_java_thread_list=0x000002dc12f7fa20, length=17, elements={
0x000002dc7456a760, 0x000002dc767baec0, 0x000002dc767bdc50, 0x000002dc767cd380,
0x000002dc767cdc40, 0x000002dc767ce500, 0x000002dc121cacd0, 0x000002dc121cb8c0,
0x000002dc121d5e50, 0x000002dc121ea750, 0x000002dc12c31cd0, 0x000002dc12cbf9e0,
0x000002dc12ebb300, 0x000002dc12ec02a0, 0x000002dc12ec3230, 0x000002dc12f15880,
0x000002dc12f99d70
}

Java Threads: ( => current thread )
  0x000002dc7456a760 JavaThread "main" [_thread_in_vm, id=41184, stack(0x000000e86f000000,0x000000e86f100000)]
  0x000002dc767baec0 JavaThread "Reference Handler" daemon [_thread_blocked, id=62260, stack(0x000000e86f700000,0x000000e86f800000)]
  0x000002dc767bdc50 JavaThread "Finalizer" daemon [_thread_blocked, id=21972, stack(0x000000e86f800000,0x000000e86f900000)]
  0x000002dc767cd380 JavaThread "Signal Dispatcher" daemon [_thread_blocked, id=13076, stack(0x000000e86f900000,0x000000e86fa00000)]
  0x000002dc767cdc40 JavaThread "Attach Listener" daemon [_thread_blocked, id=21460, stack(0x000000e86fa00000,0x000000e86fb00000)]
  0x000002dc767ce500 JavaThread "Service Thread" daemon [_thread_blocked, id=63356, stack(0x000000e86fb00000,0x000000e86fc00000)]
  0x000002dc121cacd0 JavaThread "Monitor Deflation Thread" daemon [_thread_blocked, id=48216, stack(0x000000e86fc00000,0x000000e86fd00000)]
=>0x000002dc121cb8c0 JavaThread "C2 CompilerThread0" daemon [_thread_in_native, id=34640, stack(0x000000e86fd00000,0x000000e86fe00000)]
  0x000002dc121d5e50 JavaThread "C1 CompilerThread0" daemon [_thread_in_native, id=37992, stack(0x000000e86fe00000,0x000000e86ff00000)]
  0x000002dc121ea750 JavaThread "Sweeper thread" daemon [_thread_blocked, id=49208, stack(0x000000e86ff00000,0x000000e870000000)]
  0x000002dc12c31cd0 JavaThread "Common-Cleaner" daemon [_thread_blocked, id=50344, stack(0x000000e870000000,0x000000e870100000)]
  0x000002dc12cbf9e0 JavaThread "Notification Thread" daemon [_thread_blocked, id=1708, stack(0x000000e870100000,0x000000e870200000)]
  0x000002dc12ebb300 JavaThread "Java2D Disposer" daemon [_thread_blocked, id=8400, stack(0x000000e870300000,0x000000e870400000)]
  0x000002dc12ec02a0 JavaThread "AWT-Shutdown" [_thread_blocked, id=33652, stack(0x000000e870400000,0x000000e870500000)]
  0x000002dc12ec3230 JavaThread "AWT-Windows" daemon [_thread_in_native, id=55544, stack(0x000000e870500000,0x000000e870600000)]
  0x000002dc12f15880 JavaThread "Image Fetcher 1" daemon [_thread_blocked, id=36628, stack(0x000000e870600000,0x000000e870700000)]
  0x000002dc12f99d70 JavaThread "Image Fetcher 0" daemon [_thread_blocked, id=5748, stack(0x000000e870700000,0x000000e870800000)]

Other Threads:
  0x000002dc767b53a0 VMThread "VM Thread" [stack: 0x000000e86f600000,0x000000e86f700000] [id=1012]
  0x000002dc12cc0ec0 WatcherThread [stack: 0x000000e870200000,0x000000e870300000] [id=18704]
  0x000002dc76726df0 GCTaskThread "GC Thread#0" [stack: 0x000000e86f100000,0x000000e86f200000] [id=47684]
  0x000002dc7672f9b0 ConcurrentGCThread "G1 Main Marker" [stack: 0x000000e86f200000,0x000000e86f300000] [id=9576]
  0x000002dc76730b60 ConcurrentGCThread "G1 Conc#0" [stack: 0x000000e86f300000,0x000000e86f400000] [id=9964]
  0x000002dc76795e40 ConcurrentGCThread "G1 Refine#0" [stack: 0x000000e86f400000,0x000000e86f500000] [id=34148]
  0x000002dc76796770 ConcurrentGCThread "G1 Service" [stack: 0x000000e86f500000,0x000000e86f600000] [id=9392]

Threads with active compile tasks:
C2 CompilerThread0     1206  726       4       java.lang.AbstractStringBuilder::ensureCapacityInternal (39 bytes)
C1 CompilerThread0     1206  728   !   3       sun.awt.image.PNGImageDecoder::produceImage (1917 bytes)

VM state: not at safepoint (normal execution)

VM Mutex/Monitor currently owned by a thread: None

OutOfMemory and StackOverflow Exception counts:
OutOfMemoryError java_heap_errors=1
LinkageErrors=6

Heap address: 0x00000000c1c00000, size: 996 MB, Compressed Oops mode: 32-bit

CDS archive(s) mapped at: [0x0000000800000000-0x0000000800bc0000-0x0000000800bc0000), size 12320768, SharedBaseAddress: 0x0000000800000000, ArchiveRelocationMode: 0.
Compressed class space mapped at: 0x0000000800c00000-0x0000000840c00000, reserved size: 1073741824
Narrow klass base: 0x0000000800000000, Narrow klass shift: 0, Narrow klass range: 0x100000000

GC Precious Log:
 CPUs: 8 total, 8 available
 Memory: 3982M
 Large Page Support: Disabled
 NUMA Support: Disabled
 Compressed Oops: Enabled (32-bit)
 Heap Region Size: 1M
 Heap Min Capacity: 8M
 Heap Initial Capacity: 64M
 Heap Max Capacity: 996M
 Pre-touch: Disabled
 Parallel Workers: 8
 Concurrent Workers: 2
 Concurrent Refinement Workers: 8
 Periodic GC: Disabled

Heap:
 garbage-first heap   total 65536K, used 12288K [0x00000000c1c00000, 0x0000000100000000)
  region size 1024K, 10 young (10240K), 0 survivors (0K)
 Metaspace       used 5952K, committed 6144K, reserved 1056768K
  class space    used 664K, committed 768K, reserved 1048576K

Heap Regions: E=young(eden), S=young(survivor), O=old, HS=humongous(starts), HC=humongous(continues), CS=collection set, F=free, OA=open archive, CA=closed archive, TAMS=top-at-mark-start (previous, next)
|   0|0x00000000c1c00000, 0x00000000c1d00000, 0x00000000c1d00000|100%|HS|  |TAMS 0x00000000c1c00000, 0x00000000c1c00000| Complete 
|   1|0x00000000c1d00000, 0x00000000c1e00000, 0x00000000c1e00000|100%|HS|  |TAMS 0x00000000c1d00000, 0x00000000c1d00000| Complete 
|   2|0x00000000c1e00000, 0x00000000c1f00000, 0x00000000c1f00000|100%|HC|  |TAMS 0x00000000c1e00000, 0x00000000c1e00000| Complete 
|   3|0x00000000c1f00000, 0x00000000c1f00000, 0x00000000c2000000|  0%| F|  |TAMS 0x00000000c1f00000, 0x00000000c1f00000| Untracked 
|   4|0x00000000c2000000, 0x00000000c2000000, 0x00000000c2100000|  0%| F|  |TAMS 0x00000000c2000000, 0x00000000c2000000| Untracked 
|   5|0x00000000c2100000, 0x00000000c2100000, 0x00000000c2200000|  0%| F|  |TAMS 0x00000000c2100000, 0x00000000c2100000| Untracked 
|   6|0x00000000c2200000, 0x00000000c2200000, 0x00000000c2300000|  0%| F|  |TAMS 0x00000000c2200000, 0x00000000c2200000| Untracked 
|   7|0x00000000c2300000, 0x00000000c2300000, 0x00000000c2400000|  0%| F|  |TAMS 0x00000000c2300000, 0x00000000c2300000| Untracked 
|   8|0x00000000c2400000, 0x00000000c2400000, 0x00000000c2500000|  0%| F|  |TAMS 0x00000000c2400000, 0x00000000c2400000| Untracked 
|   9|0x00000000c2500000, 0x00000000c2500000, 0x00000000c2600000|  0%| F|  |TAMS 0x00000000c2500000, 0x00000000c2500000| Untracked 
|  10|0x00000000c2600000, 0x00000000c2600000, 0x00000000c2700000|  0%| F|  |TAMS 0x00000000c2600000, 0x00000000c2600000| Untracked 
|  11|0x00000000c2700000, 0x00000000c2700000, 0x00000000c2800000|  0%| F|  |TAMS 0x00000000c2700000, 0x00000000c2700000| Untracked 
|  12|0x00000000c2800000, 0x00000000c2800000, 0x00000000c2900000|  0%| F|  |TAMS 0x00000000c2800000, 0x00000000c2800000| Untracked 
|  13|0x00000000c2900000, 0x00000000c2900000, 0x00000000c2a00000|  0%| F|  |TAMS 0x00000000c2900000, 0x00000000c2900000| Untracked 
|  14|0x00000000c2a00000, 0x00000000c2a00000, 0x00000000c2b00000|  0%| F|  |TAMS 0x00000000c2a00000, 0x00000000c2a00000| Untracked 
|  15|0x00000000c2b00000, 0x00000000c2b00000, 0x00000000c2c00000|  0%| F|  |TAMS 0x00000000c2b00000, 0x00000000c2b00000| Untracked 
|  16|0x00000000c2c00000, 0x00000000c2c00000, 0x00000000c2d00000|  0%| F|  |TAMS 0x00000000c2c00000, 0x00000000c2c00000| Untracked 
|  17|0x00000000c2d00000, 0x00000000c2d00000, 0x00000000c2e00000|  0%| F|  |TAMS 0x00000000c2d00000, 0x00000000c2d00000| Untracked 
|  18|0x00000000c2e00000, 0x00000000c2e00000, 0x00000000c2f00000|  0%| F|  |TAMS 0x00000000c2e00000, 0x00000000c2e00000| Untracked 
|  19|0x00000000c2f00000, 0x00000000c2f00000, 0x00000000c3000000|  0%| F|  |TAMS 0x00000000c2f00000, 0x00000000c2f00000| Untracked 
|  20|0x00000000c3000000, 0x00000000c3000000, 0x00000000c3100000|  0%| F|  |TAMS 0x00000000c3000000, 0x00000000c3000000| Untracked 
|  21|0x00000000c3100000, 0x00000000c3100000, 0x00000000c3200000|  0%| F|  |TAMS 0x00000000c3100000, 0x00000000c3100000| Untracked 
|  22|0x00000000c3200000, 0x00000000c3200000, 0x00000000c3300000|  0%| F|  |TAMS 0x00000000c3200000, 0x00000000c3200000| Untracked 
|  23|0x00000000c3300000, 0x00000000c3300000, 0x00000000c3400000|  0%| F|  |TAMS 0x00000000c3300000, 0x00000000c3300000| Untracked 
|  24|0x00000000c3400000, 0x00000000c3400000, 0x00000000c3500000|  0%| F|  |TAMS 0x00000000c3400000, 0x00000000c3400000| Untracked 
|  25|0x00000000c3500000, 0x00000000c3500000, 0x00000000c3600000|  0%| F|  |TAMS 0x00000000c3500000, 0x00000000c3500000| Untracked 
|  26|0x00000000c3600000, 0x00000000c3600000, 0x00000000c3700000|  0%| F|  |TAMS 0x00000000c3600000, 0x00000000c3600000| Untracked 
|  27|0x00000000c3700000, 0x00000000c3700000, 0x00000000c3800000|  0%| F|  |TAMS 0x00000000c3700000, 0x00000000c3700000| Untracked 
|  28|0x00000000c3800000, 0x00000000c3800000, 0x00000000c3900000|  0%| F|  |TAMS 0x00000000c3800000, 0x00000000c3800000| Untracked 
|  29|0x00000000c3900000, 0x00000000c3900000, 0x00000000c3a00000|  0%| F|  |TAMS 0x00000000c3900000, 0x00000000c3900000| Untracked 
|  30|0x00000000c3a00000, 0x00000000c3a00000, 0x00000000c3b00000|  0%| F|  |TAMS 0x00000000c3a00000, 0x00000000c3a00000| Untracked 
|  31|0x00000000c3b00000, 0x00000000c3b00000, 0x00000000c3c00000|  0%| F|  |TAMS 0x00000000c3b00000, 0x00000000c3b00000| Untracked 
|  32|0x00000000c3c00000, 0x00000000c3c00000, 0x00000000c3d00000|  0%| F|  |TAMS 0x00000000c3c00000, 0x00000000c3c00000| Untracked 
|  33|0x00000000c3d00000, 0x00000000c3d00000, 0x00000000c3e00000|  0%| F|  |TAMS 0x00000000c3d00000, 0x00000000c3d00000| Untracked 
|  34|0x00000000c3e00000, 0x00000000c3e00000, 0x00000000c3f00000|  0%| F|  |TAMS 0x00000000c3e00000, 0x00000000c3e00000| Untracked 
|  35|0x00000000c3f00000, 0x00000000c3f00000, 0x00000000c4000000|  0%| F|  |TAMS 0x00000000c3f00000, 0x00000000c3f00000| Untracked 
|  36|0x00000000c4000000, 0x00000000c4000000, 0x00000000c4100000|  0%| F|  |TAMS 0x00000000c4000000, 0x00000000c4000000| Untracked 
|  37|0x00000000c4100000, 0x00000000c4100000, 0x00000000c4200000|  0%| F|  |TAMS 0x00000000c4100000, 0x00000000c4100000| Untracked 
|  38|0x00000000c4200000, 0x00000000c4200000, 0x00000000c4300000|  0%| F|  |TAMS 0x00000000c4200000, 0x00000000c4200000| Untracked 
|  39|0x00000000c4300000, 0x00000000c4300000, 0x00000000c4400000|  0%| F|  |TAMS 0x00000000c4300000, 0x00000000c4300000| Untracked 
|  40|0x00000000c4400000, 0x00000000c4400000, 0x00000000c4500000|  0%| F|  |TAMS 0x00000000c4400000, 0x00000000c4400000| Untracked 
|  41|0x00000000c4500000, 0x00000000c4500000, 0x00000000c4600000|  0%| F|  |TAMS 0x00000000c4500000, 0x00000000c4500000| Untracked 
|  42|0x00000000c4600000, 0x00000000c4600000, 0x00000000c4700000|  0%| F|  |TAMS 0x00000000c4600000, 0x00000000c4600000| Untracked 
|  43|0x00000000c4700000, 0x00000000c4700000, 0x00000000c4800000|  0%| F|  |TAMS 0x00000000c4700000, 0x00000000c4700000| Untracked 
|  44|0x00000000c4800000, 0x00000000c4800000, 0x00000000c4900000|  0%| F|  |TAMS 0x00000000c4800000, 0x00000000c4800000| Untracked 
|  45|0x00000000c4900000, 0x00000000c4900000, 0x00000000c4a00000|  0%| F|  |TAMS 0x00000000c4900000, 0x00000000c4900000| Untracked 
|  46|0x00000000c4a00000, 0x00000000c4a00000, 0x00000000c4b00000|  0%| F|  |TAMS 0x00000000c4a00000, 0x00000000c4a00000| Untracked 
|  47|0x00000000c4b00000, 0x00000000c4b00000, 0x00000000c4c00000|  0%| F|  |TAMS 0x00000000c4b00000, 0x00000000c4b00000| Untracked 
|  48|0x00000000c4c00000, 0x00000000c4c00000, 0x00000000c4d00000|  0%| F|  |TAMS 0x00000000c4c00000, 0x00000000c4c00000| Untracked 
|  49|0x00000000c4d00000, 0x00000000c4d00000, 0x00000000c4e00000|  0%| F|  |TAMS 0x00000000c4d00000, 0x00000000c4d00000| Untracked 
|  50|0x00000000c4e00000, 0x00000000c4e00000, 0x00000000c4f00000|  0%| F|  |TAMS 0x00000000c4e00000, 0x00000000c4e00000| Untracked 
|  51|0x00000000c4f00000, 0x00000000c4f00000, 0x00000000c5000000|  0%| F|  |TAMS 0x00000000c4f00000, 0x00000000c4f00000| Untracked 
|  52|0x00000000c5000000, 0x00000000c5000000, 0x00000000c5100000|  0%| F|  |TAMS 0x00000000c5000000, 0x00000000c5000000| Untracked 
|  53|0x00000000c5100000, 0x00000000c5100000, 0x00000000c5200000|  0%| F|  |TAMS 0x00000000c5100000, 0x00000000c5100000| Untracked 
|  54|0x00000000c5200000, 0x00000000c5300000, 0x00000000c5300000|100%| E|  |TAMS 0x00000000c5200000, 0x00000000c5200000| Complete 
|  55|0x00000000c5300000, 0x00000000c5400000, 0x00000000c5400000|100%| E|CS|TAMS 0x00000000c5300000, 0x00000000c5300000| Complete 
|  56|0x00000000c5400000, 0x00000000c5500000, 0x00000000c5500000|100%| E|CS|TAMS 0x00000000c5400000, 0x00000000c5400000| Complete 
|  57|0x00000000c5500000, 0x00000000c5600000, 0x00000000c5600000|100%| E|CS|TAMS 0x00000000c5500000, 0x00000000c5500000| Complete 
|  58|0x00000000c5600000, 0x00000000c5700000, 0x00000000c5700000|100%| E|CS|TAMS 0x00000000c5600000, 0x00000000c5600000| Complete 
|  59|0x00000000c5700000, 0x00000000c5800000, 0x00000000c5800000|100%| E|CS|TAMS 0x00000000c5700000, 0x00000000c5700000| Complete 
|  60|0x00000000c5800000, 0x00000000c5900000, 0x00000000c5900000|100%| E|CS|TAMS 0x00000000c5800000, 0x00000000c5800000| Complete 
|  61|0x00000000c5900000, 0x00000000c5a00000, 0x00000000c5a00000|100%| E|CS|TAMS 0x00000000c5900000, 0x00000000c5900000| Complete 
|  62|0x00000000c5a00000, 0x00000000c5b00000, 0x00000000c5b00000|100%| E|CS|TAMS 0x00000000c5a00000, 0x00000000c5a00000| Complete 
|  63|0x00000000c5b00000, 0x00000000c5c00000, 0x00000000c5c00000|100%| E|CS|TAMS 0x00000000c5b00000, 0x00000000c5b00000| Complete 

Card table byte_map: [0x000002dc7e4a0000,0x000002dc7e6a0000] _byte_map_base: 0x000002dc7de92000

Marking Bits (Prev, Next): (CMBitMap*) 0x000002dc76727400, (CMBitMap*) 0x000002dc76727440
 Prev Bits: [0x000002dc7e8a0000, 0x000002dc7f830000)
 Next Bits: [0x000002dc0f000000, 0x000002dc0ff90000)

Polling page: 0x000002dc74690000

Metaspace:

Usage:
  Non-class:      5.16 MB used.
      Class:    664.38 KB used.
       Both:      5.81 MB used.

Virtual space:
  Non-class space:        8.00 MB reserved,       5.25 MB ( 66%) committed,  1 nodes.
      Class space:        1.00 GB reserved,     768.00 KB ( <1%) committed,  1 nodes.
             Both:        1.01 GB reserved,       6.00 MB ( <1%) committed. 

Chunk freelists:
   Non-Class:  2.39 MB
       Class:  3.24 MB
        Both:  5.64 MB

MaxMetaspaceSize: unlimited
CompressedClassSpaceSize: 1.00 GB
Initial GC threshold: 21.00 MB
Current GC threshold: 21.00 MB
CDS: on
MetaspaceReclaimPolicy: balanced
 - commit_granule_bytes: 65536.
 - commit_granule_words: 8192.
 - virtual_space_node_default_size: 1048576.
 - enlarge_chunks_in_place: 1.
 - new_chunks_are_fully_committed: 0.
 - uncommit_free_chunks: 1.
 - use_allocation_guard: 0.
 - handle_deallocations: 1.


Internal statistics:

num_allocs_failed_limit: 0.
num_arena_births: 98.
num_arena_deaths: 0.
num_vsnodes_births: 2.
num_vsnodes_deaths: 0.
num_space_committed: 96.
num_space_uncommitted: 0.
num_chunks_returned_to_freelist: 0.
num_chunks_taken_from_freelist: 133.
num_chunk_merges: 0.
num_chunk_splits: 75.
num_chunks_enlarged: 24.
num_purges: 0.
num_inconsistent_stats: 0.

CodeHeap 'non-profiled nmethods': size=120000Kb used=203Kb max_used=203Kb free=119796Kb
 bounds [0x000002dc07ad0000, 0x000002dc07d40000, 0x000002dc0f000000]
CodeHeap 'profiled nmethods': size=120000Kb used=1195Kb max_used=1195Kb free=118804Kb
 bounds [0x000002dc005a0000, 0x000002dc00810000, 0x000002dc07ad0000]
CodeHeap 'non-nmethods': size=5760Kb used=1217Kb max_used=1233Kb free=4542Kb
 bounds [0x000002dc00000000, 0x000002dc00270000, 0x000002dc005a0000]
 total_blobs=1255 nmethods=727 adapters=441
 compilation: enabled
              stopped_count=0, restarted_count=0
 full_count=0

Compilation events (20 events):
Event: 0.913 Thread 0x000002dc121d5e50  720   !   3       java.nio.DirectIntBufferU::get (34 bytes)
Event: 0.915 Thread 0x000002dc121d5e50 nmethod 720 0x000002dc006c6f90 code [0x000002dc006c71c0, 0x000002dc006c79f8]
Event: 0.915 Thread 0x000002dc121d5e50  721       3       java.nio.DirectIntBufferU::ix (10 bytes)
Event: 0.915 Thread 0x000002dc121d5e50 nmethod 721 0x000002dc006c7e90 code [0x000002dc006c8020, 0x000002dc006c8138]
Event: 0.915 Thread 0x000002dc121d5e50  722   !   3       jdk.internal.misc.ScopedMemoryAccess::getInt (20 bytes)
Event: 0.916 Thread 0x000002dc121d5e50 nmethod 722 0x000002dc006c8210 code [0x000002dc006c83e0, 0x000002dc006c8878]
Event: 0.916 Thread 0x000002dc121d5e50  719       3       java.lang.Class::reflectionData (43 bytes)
Event: 0.917 Thread 0x000002dc121d5e50 nmethod 719 0x000002dc006c8a90 code [0x000002dc006c8c60, 0x000002dc006c9078]
Event: 0.917 Thread 0x000002dc121d5e50  718       1       java.awt.Component::getObjectLock (5 bytes)
Event: 0.917 Thread 0x000002dc121d5e50 nmethod 718 0x000002dc07b02510 code [0x000002dc07b026a0, 0x000002dc07b02778]
Event: 0.919 Thread 0x000002dc121d5e50  723       3       jdk.internal.module.SystemModuleFinders$SystemImage::reader (4 bytes)
Event: 0.919 Thread 0x000002dc121d5e50 nmethod 723 0x000002dc006c9190 code [0x000002dc006c9320, 0x000002dc006c9418]
Event: 0.919 Thread 0x000002dc121d5e50  724       3       jdk.internal.jimage.ImageReader::requireOpen (18 bytes)
Event: 0.920 Thread 0x000002dc121d5e50 nmethod 724 0x000002dc006c9490 code [0x000002dc006c9640, 0x000002dc006c9848]
Event: 0.920 Thread 0x000002dc121d5e50  725       3       jdk.internal.module.SystemModuleFinders$SystemModuleReader::find (59 bytes)
Event: 0.922 Thread 0x000002dc121d5e50 nmethod 725 0x000002dc006c9910 code [0x000002dc006c9bc0, 0x000002dc006ca6e8]
Event: 0.935 Thread 0x000002dc121cb8c0  726       4       java.lang.AbstractStringBuilder::ensureCapacityInternal (39 bytes)
Event: 0.937 Thread 0x000002dc121d5e50  727       3       java.util.Arrays::copyOf (10 bytes)
Event: 0.938 Thread 0x000002dc121d5e50 nmethod 727 0x000002dc006cab10 code [0x000002dc006cacc0, 0x000002dc006cae08]
Event: 0.950 Thread 0x000002dc121d5e50  728   !   3       sun.awt.image.PNGImageDecoder::produceImage (1917 bytes)

GC Heap History (0 events):
No events

Deoptimization events (8 events):
Event: 0.282 Thread 0x000002dc7456a760 Uncommon trap: trap_request=0xffffff45 fr.pc=0x000002dc07ade2e0 relative=0x0000000000000780
Event: 0.282 Thread 0x000002dc7456a760 Uncommon trap: reason=unstable_if action=reinterpret pc=0x000002dc07ade2e0 method=java.util.HashMap.putVal(ILjava/lang/Object;Ljava/lang/Object;ZZ)Ljava/lang/Object; @ 81 c2
Event: 0.282 Thread 0x000002dc7456a760 DEOPT PACKING pc=0x000002dc07ade2e0 sp=0x000000e86f0fe670
Event: 0.282 Thread 0x000002dc7456a760 DEOPT UNPACKING pc=0x000002dc000523a3 sp=0x000000e86f0fe610 mode 2
Event: 0.695 Thread 0x000002dc12f15880 Uncommon trap: trap_request=0xffffff45 fr.pc=0x000002dc07afe29c relative=0x00000000000003fc
Event: 0.695 Thread 0x000002dc12f15880 Uncommon trap: reason=unstable_if action=reinterpret pc=0x000002dc07afe29c method=java.lang.StringLatin1.newString([BII)Ljava/lang/String; @ 1 c2
Event: 0.695 Thread 0x000002dc12f15880 DEOPT PACKING pc=0x000002dc07afe29c sp=0x000000e8706fed90
Event: 0.695 Thread 0x000002dc12f15880 DEOPT UNPACKING pc=0x000002dc000523a3 sp=0x000000e8706fed70 mode 2

Classes unloaded (0 events):
No events

Classes redefined (0 events):
No events

Internal exceptions (16 events):
Event: 0.240 Thread 0x000002dc7456a760 Exception <a 'sun/nio/fs/WindowsException'{0x00000000c5a40060}> (0x00000000c5a40060) 
thrown [t:\workspace\open\src\hotspot\share\prims\jni.cpp, line 516]
Event: 0.241 Thread 0x000002dc7456a760 Exception <a 'sun/nio/fs/WindowsException'{0x00000000c5a405f0}> (0x00000000c5a405f0) 
thrown [t:\workspace\open\src\hotspot\share\prims\jni.cpp, line 516]
Event: 0.243 Thread 0x000002dc7456a760 Exception <a 'sun/nio/fs/WindowsException'{0x00000000c5a42ae0}> (0x00000000c5a42ae0) 
thrown [t:\workspace\open\src\hotspot\share\prims\jni.cpp, line 516]
Event: 0.243 Thread 0x000002dc7456a760 Exception <a 'sun/nio/fs/WindowsException'{0x00000000c5a43608}> (0x00000000c5a43608) 
thrown [t:\workspace\open\src\hotspot\share\prims\jni.cpp, line 516]
Event: 0.307 Thread 0x000002dc7456a760 Exception <a 'java/lang/ClassNotFoundException'{0x00000000c5914768}: sun/awt/resources/spi/awtProvider> (0x00000000c5914768) 
thrown [t:\workspace\open\src\hotspot\share\classfile\systemDictionary.cpp, line 256]
Event: 0.357 Thread 0x000002dc7456a760 Exception <a 'java/io/FileNotFoundException'{0x00000000c59677f0}> (0x00000000c59677f0) 
thrown [t:\workspace\open\src\hotspot\share\prims\jni.cpp, line 516]
Event: 0.371 Thread 0x000002dc7456a760 Exception <a 'java/io/FileNotFoundException'{0x00000000c5994990}> (0x00000000c5994990) 
thrown [t:\workspace\open\src\hotspot\share\prims\jni.cpp, line 516]
Event: 0.426 Thread 0x000002dc7456a760 Exception <a 'java/lang/NoSuchMethodError'{0x00000000c59d8a70}: 'java.lang.Object java.lang.invoke.DirectMethodHandle$Holder.invokeStaticInit(java.lang.Object)'> (0x00000000c59d8a70) 
thrown [t:\workspace\open\src\hotspot\share\interpreter\linkResolver.cpp, line 766]
Event: 0.492 Thread 0x000002dc7456a760 Exception <a 'java/lang/NoSuchMethodError'{0x00000000c58358b8}: 'void java.lang.invoke.DirectMethodHandle$Holder.invokeSpecial(java.lang.Object, java.lang.Object, java.lang.Object)'> (0x00000000c58358b8) 
thrown [t:\workspace\open\src\hotspot\share\interpreter\linkResolver.cpp, line 766]
Event: 0.504 Thread 0x000002dc7456a760 Exception <a 'java/lang/NoSuchMethodError'{0x00000000c585fa58}: 'java.lang.Object java.lang.invoke.DirectMethodHandle$Holder.newInvokeSpecial(java.lang.Object, java.lang.Object, java.lang.Object, java.lang.Object, java.lang.Object)'> (0x00000000c585fa58) 
thrown [t:\workspace\open\src\hotspot\share\interpreter\linkResolver.cpp, line 766]
Event: 0.508 Thread 0x000002dc7456a760 Exception <a 'java/lang/NoSuchMethodError'{0x00000000c586b420}: 'java.lang.Object java.lang.invoke.DirectMethodHandle$Holder.invokeStatic(java.lang.Object, int, java.lang.Object, java.lang.Object, java.lang.Object, java.lang.Object)'> (0x00000000c586b420) 
thrown [t:\workspace\open\src\hotspot\share\interpreter\linkResolver.cpp, line 766]
Event: 0.518 Thread 0x000002dc7456a760 Exception <a 'java/lang/NoSuchMethodError'{0x00000000c5891288}: 'java.lang.Object java.lang.invoke.DirectMethodHandle$Holder.invokeStatic(java.lang.Object, int, java.lang.Object)'> (0x00000000c5891288) 
thrown [t:\workspace\open\src\hotspot\share\interpreter\linkResolver.cpp, line 766]
Event: 0.559 Thread 0x000002dc7456a760 Exception <a 'java/lang/ClassNotFoundException'{0x00000000c5749738}: com/sun/swing/internal/plaf/metal/resources/spi/metalProvider> (0x00000000c5749738) 
thrown [t:\workspace\open\src\hotspot\share\classfile\systemDictionary.cpp, line 256]
Event: 0.560 Thread 0x000002dc7456a760 Exception <a 'java/lang/ClassNotFoundException'{0x00000000c574d540}: com/sun/swing/internal/plaf/basic/resources/spi/basicProvider> (0x00000000c574d540) 
thrown [t:\workspace\open\src\hotspot\share\classfile\systemDictionary.cpp, line 256]
Event: 0.621 Thread 0x000002dc7456a760 Exception <a 'java/lang/OutOfMemoryError'{0x00000000c57892f0}: unable to create native thread: possibly out of memory or process/resource limits reached> (0x00000000c57892f0) 
thrown [t:\workspace\open\src\hotspot\share\prims\jvm.cpp, line 2920]
Event: 0.705 Thread 0x000002dc12f15880 Exception <a 'java/lang/NoSuchMethodError'{0x00000000c5565128}: 'java.lang.Object java.lang.invoke.DirectMethodHandle$Holder.newInvokeSpecial(java.lang.Object, java.lang.Object, java.lang.Object, int, int, int, int, int)'> (0x00000000c5565128) 
thrown [t:\workspace\open\src\hotspot\share\interpreter\linkResolver.cpp, line 766]

VM Operations (4 events):
Event: 0.245 Executing VM operation: HandshakeAllThreads
Event: 0.245 Executing VM operation: HandshakeAllThreads done
Event: 0.605 Executing VM operation: HandshakeAllThreads
Event: 0.605 Executing VM operation: HandshakeAllThreads done

Events (20 events):
Event: 0.810 loading class javax/swing/plaf/basic/BasicButtonListener
Event: 0.810 loading class javax/swing/plaf/basic/BasicButtonListener done
Event: 0.811 loading class javax/swing/JToggleButton
Event: 0.811 loading class javax/swing/JToggleButton done
Event: 0.811 loading class javax/swing/event/AncestorListener
Event: 0.811 loading class javax/swing/event/AncestorListener done
Event: 0.811 loading class java/beans/VetoableChangeListener
Event: 0.811 loading class java/beans/VetoableChangeListener done
Event: 0.848 loading class sun/awt/image/JPEGImageDecoder
Event: 0.849 loading class sun/awt/image/JPEGImageDecoder done
Event: 0.849 loading class sun/awt/image/JPEGImageDecoder$1
Event: 0.849 loading class sun/awt/image/JPEGImageDecoder$1 done
Event: 0.852 Loaded shared library C:\Program Files\Java\jdk-17.0.3.1\bin\javajpeg.dll
Event: 0.873 loading class java/awt/image/DataBufferInt
Event: 0.873 loading class java/awt/image/DataBufferInt done
Event: 0.875 loading class java/awt/image/SinglePixelPackedSampleModel
Event: 0.875 loading class java/awt/image/SinglePixelPackedSampleModel done
Event: 0.876 loading class sun/awt/image/IntegerInterleavedRaster
Event: 0.876 loading class sun/awt/image/IntegerInterleavedRaster done
Event: 0.896 Thread 0x000002dc12f99d70 Thread added: 0x000002dc12f99d70


Dynamic libraries:
0x00007ff6a7290000 - 0x00007ff6a72a0000 	C:\Program Files\Java\jdk-17.0.3.1\bin\java.exe
0x00007ff817370000 - 0x00007ff817565000 	C:\WINDOWS\SYSTEM32\ntdll.dll
0x00007ff815600000 - 0x00007ff8156be000 	C:\WINDOWS\System32\KERNEL32.DLL
0x00007ff814d10000 - 0x00007ff814fd8000 	C:\WINDOWS\System32\KERNELBASE.dll
0x00007ff815030000 - 0x00007ff815130000 	C:\WINDOWS\System32\ucrtbase.dll
0x00007ff801a70000 - 0x00007ff801a88000 	C:\Program Files\Java\jdk-17.0.3.1\bin\jli.dll
0x00007ff8153c0000 - 0x00007ff81546e000 	C:\WINDOWS\System32\ADVAPI32.dll
0x00007ff810210000 - 0x00007ff81022a000 	C:\Program Files\Java\jdk-17.0.3.1\bin\VCRUNTIME140.dll
0x00007ff8162b0000 - 0x00007ff81634e000 	C:\WINDOWS\System32\msvcrt.dll
0x00007ff816620000 - 0x00007ff8166bc000 	C:\WINDOWS\System32\sechost.dll
0x00007ff817200000 - 0x00007ff817325000 	C:\WINDOWS\System32\RPCRT4.dll
0x00007ff8163d0000 - 0x00007ff816570000 	C:\WINDOWS\System32\USER32.dll
0x00007ff814ce0000 - 0x00007ff814d02000 	C:\WINDOWS\System32\win32u.dll
0x00007ffff2cb0000 - 0x00007ffff2f4a000 	C:\WINDOWS\WinSxS\amd64_microsoft.windows.common-controls_6595b64144ccf1df_6.0.19041.1110_none_60b5254171f9507e\COMCTL32.dll
0x00007ff816150000 - 0x00007ff81617b000 	C:\WINDOWS\System32\GDI32.dll
0x00007ff814bd0000 - 0x00007ff814cdd000 	C:\WINDOWS\System32\gdi32full.dll
0x00007ff814b30000 - 0x00007ff814bcd000 	C:\WINDOWS\System32\msvcp_win.dll
0x00007ff80d760000 - 0x00007ff80d76a000 	C:\WINDOWS\SYSTEM32\VERSION.dll
0x00007ff816100000 - 0x00007ff816130000 	C:\WINDOWS\System32\IMM32.DLL
0x00007ff811e70000 - 0x00007ff811e7c000 	C:\Program Files\Java\jdk-17.0.3.1\bin\vcruntime140_1.dll
0x00007ff800660000 - 0x00007ff8006ed000 	C:\Program Files\Java\jdk-17.0.3.1\bin\msvcp140.dll
0x00007fffc34a0000 - 0x00007fffc4060000 	C:\Program Files\Java\jdk-17.0.3.1\bin\server\jvm.dll
0x00007ff816570000 - 0x00007ff816578000 	C:\WINDOWS\System32\PSAPI.DLL
0x00007ffffc0f0000 - 0x00007ffffc0f9000 	C:\WINDOWS\SYSTEM32\WSOCK32.dll
0x00007ff816360000 - 0x00007ff8163cb000 	C:\WINDOWS\System32\WS2_32.dll
0x00007ffffa110000 - 0x00007ffffa137000 	C:\WINDOWS\SYSTEM32\WINMM.dll
0x00007ff813310000 - 0x00007ff813322000 	C:\WINDOWS\SYSTEM32\kernel.appcore.dll
0x00007ff810200000 - 0x00007ff81020a000 	C:\Program Files\Java\jdk-17.0.3.1\bin\jimage.dll
0x00007ff812fd0000 - 0x00007ff8131b4000 	C:\WINDOWS\SYSTEM32\DBGHELP.DLL
0x00007fffff020000 - 0x00007fffff04c000 	C:\WINDOWS\SYSTEM32\dbgcore.DLL
0x00007ff8152c0000 - 0x00007ff815342000 	C:\WINDOWS\System32\bcryptPrimitives.dll
0x00007ff808a70000 - 0x00007ff808a95000 	C:\Program Files\Java\jdk-17.0.3.1\bin\java.dll
0x00007fffffb20000 - 0x00007fffffbf6000 	C:\Program Files\Java\jdk-17.0.3.1\bin\jsvml.dll
0x00007ff816780000 - 0x00007ff816ec4000 	C:\WINDOWS\System32\SHELL32.dll
0x00007ff812830000 - 0x00007ff812fc4000 	C:\WINDOWS\SYSTEM32\windows.storage.dll
0x00007ff8156c0000 - 0x00007ff815a15000 	C:\WINDOWS\System32\combase.dll
0x00007ff814400000 - 0x00007ff81442e000 	C:\WINDOWS\SYSTEM32\Wldp.dll
0x00007ff815a20000 - 0x00007ff815acd000 	C:\WINDOWS\System32\SHCORE.dll
0x00007ff8155a0000 - 0x00007ff8155f5000 	C:\WINDOWS\System32\shlwapi.dll
0x00007ff8149c0000 - 0x00007ff8149df000 	C:\WINDOWS\SYSTEM32\profapi.dll
0x00007ff80c940000 - 0x00007ff80c959000 	C:\Program Files\Java\jdk-17.0.3.1\bin\net.dll
0x00007ff805090000 - 0x00007ff80519c000 	C:\WINDOWS\SYSTEM32\WINHTTP.dll
0x00007ff814160000 - 0x00007ff8141ca000 	C:\WINDOWS\system32\mswsock.dll
0x00007ff8028b0000 - 0x00007ff8028c6000 	C:\Program Files\Java\jdk-17.0.3.1\bin\nio.dll
0x00007ff8025e0000 - 0x00007ff8025f8000 	C:\Program Files\Java\jdk-17.0.3.1\bin\zip.dll
0x00007fffd6c20000 - 0x00007fffd6daf000 	C:\Program Files\Java\jdk-17.0.3.1\bin\awt.dll
0x00007ff817130000 - 0x00007ff8171fd000 	C:\WINDOWS\System32\OLEAUT32.dll
0x00007ff811ee0000 - 0x00007ff811f70000 	C:\WINDOWS\SYSTEM32\apphelp.dll
0x00007ff8122a0000 - 0x00007ff8122cf000 	C:\WINDOWS\system32\DWMAPI.DLL
0x00007ff8120b0000 - 0x00007ff81214e000 	C:\WINDOWS\system32\uxtheme.dll
0x00007ff800ff0000 - 0x00007ff801115000 	C:\WINDOWS\system32\opengl32.dll
0x00007ff80d4a0000 - 0x00007ff80d4cc000 	C:\WINDOWS\SYSTEM32\GLU32.dll
0x00007ff817010000 - 0x00007ff817126000 	C:\WINDOWS\System32\MSCTF.dll
0x00007ff816180000 - 0x00007ff8162aa000 	C:\WINDOWS\System32\ole32.dll
0x00007ff801a30000 - 0x00007ff801a5d000 	C:\Program Files\Java\jdk-17.0.3.1\bin\javajpeg.dll

dbghelp: loaded successfully - version: 4.0.5 - missing functions: none
symbol engine: initialized successfully - sym options: 0x614 - pdb path: .;C:\Program Files\Java\jdk-17.0.3.1\bin;C:\WINDOWS\SYSTEM32;C:\WINDOWS\WinSxS\amd64_microsoft.windows.common-controls_6595b64144ccf1df_6.0.19041.1110_none_60b5254171f9507e;C:\Program Files\Java\jdk-17.0.3.1\bin\server

VM Arguments:
jvm_args: -Dfile.encoding=UTF-8 --module-path=C:\Users\rohit\Documents\NetBeansProjects\Electricity Billing System\build\classes 
java_command: electricity.billing.system.Login
java_class_path (initial): C:\Users\rohit\Downloads\mysql-connector-java-8.0.28.jar;C:\Users\rohit\Documents\Downloads\rs2xml.jar;C:\Users\rohit\Documents\NetBeansProjects\Electricity Billing System\build\classes
Launcher Type: SUN_STANDARD

[Global flags]
     intx CICompilerCount                          = 4                                         {product} {ergonomic}
     uint ConcGCThreads                            = 2                                         {product} {ergonomic}
     uint G1ConcRefinementThreads                  = 8                                         {product} {ergonomic}
   size_t G1HeapRegionSize                         = 1048576                                   {product} {ergonomic}
    uintx GCDrainStackTargetSize                   = 64                                        {product} {ergonomic}
   size_t InitialHeapSize                          = 67108864                                  {product} {ergonomic}
   size_t MarkStackSize                            = 4194304                                   {product} {ergonomic}
   size_t MaxHeapSize                              = 1044381696                                {product} {ergonomic}
   size_t MaxNewSize                               = 625999872                                 {product} {ergonomic}
   size_t MinHeapDeltaBytes                        = 1048576                                   {product} {ergonomic}
   size_t MinHeapSize                              = 8388608                                   {product} {ergonomic}
    uintx NonNMethodCodeHeapSize                   = 5839372                                {pd product} {ergonomic}
    uintx NonProfiledCodeHeapSize                  = 122909434                              {pd product} {ergonomic}
    uintx ProfiledCodeHeapSize                     = 122909434                              {pd product} {ergonomic}
    uintx ReservedCodeCacheSize                    = 251658240                              {pd product} {ergonomic}
     bool SegmentedCodeCache                       = true                                      {product} {ergonomic}
   size_t SoftMaxHeapSize                          = 1044381696                             {manageable} {ergonomic}
     bool UseCompressedClassPointers               = true                           {product lp64_product} {ergonomic}
     bool UseCompressedOops                        = true                           {product lp64_product} {ergonomic}
     bool UseG1GC                                  = true                                      {product} {ergonomic}
     bool UseLargePagesIndividualAllocation        = false                                  {pd product} {ergonomic}

Logging:
Log output configuration:
 #0: stdout all=warning uptime,level,tags
 #1: stderr all=off uptime,level,tags

Environment Variables:
PATH=C:\Program Files\Common Files\Oracle\Java\javapath;C:\db_home\bin;C:\Users\rohit\Downloads\WINDOWS.X64_193000_db_home\bin;C:\Program Files (x86)\Common Files\Intel\Shared Files\cpp\bin\Intel64;C:\WINDOWS\system32;C:\WINDOWS;C:\WINDOWS\System32\Wbem;C:\WINDOWS\System32\WindowsPowerShell\v1.0\;C:\WINDOWS\System32\OpenSSH\;C:\Program Files\dotnet\;C:\Program Files (x86)\dotnet\;C:\Program Files\Java\jdk-17.0.3.1\bin;C:\Program Files\MySQL\MySQL Server 8.0\bin;C:\Program Files\MySQL\MySQL Shell 8.0\bin\;C:\Users\rohit\AppData\Local\Programs\Python\Python39\Scripts\;C:\Users\rohit\AppData\Local\Programs\Python\Python39\;C:\Users\rohit\AppData\Local\Microsoft\WindowsApps;
USERNAME=rohit
OS=Windows_NT
PROCESSOR_IDENTIFIER=Intel64 Family 6 Model 142 Stepping 12, GenuineIntel



---------------  S Y S T E M  ---------------

OS:
 Windows 10 , 64 bit Build 19041 (10.0.19041.1503)
OS uptime: 43 days 20:26 hours

CPU: total 8 (initial active 8) (4 cores per cpu, 2 threads per core) family 6 model 142 stepping 12 microcode 0xb8, cx8, cmov, fxsr, ht, mmx, 3dnowpref, sse, sse2, sse3, ssse3, sse4.1, sse4.2, popcnt, lzcnt, tsc, tscinvbit, avx, avx2, aes, erms, clmul, bmi1, bmi2, adx, fma, vzeroupper, clflush, clflushopt

Memory: 4k page, system-wide physical 3982M (304M free)
TotalPageFile size 16270M (AvailPageFile size 61M)
current process WorkingSet (physical memory assigned to process): 56M, peak: 56M
current process commit charge ("private bytes"): 153M, peak: 153M

vm_info: Java HotSpot(TM) 64-Bit Server VM (17.0.3.1+2-LTS-6) for windows-amd64 JRE (17.0.3.1+2-LTS-6), built on Apr 25 2022 22:04:21 by "mach5one" with MS VC++ 16.8 / 16.9 (VS2019)

END.
