#
# There is insufficient memory for the Java Runtime Environment to continue.
# Native memory allocation (mmap) failed to map 65536 bytes for Failed to commit metaspace.
# Possible reasons:
#   The system is out of physical RAM or swap space
#   The process is running with CompressedOops enabled, and the Java Heap may be blocking the growth of the native heap
# Possible solutions:
#   Reduce memory load on the system
#   Increase physical memory or swap space
#   Check if swap backing store is full
#   Decrease Java heap size (-Xmx/-Xms)
#   Decrease number of Java threads
#   Decrease Java thread stack sizes (-Xss)
#   Set larger code cache with -XX:ReservedCodeCacheSize=
#   JVM is running with Unscaled Compressed Oops mode in which the Java heap is
#     placed in the first 4GB address space. The Java Heap base address is the
#     maximum limit for the native heap growth. Please use -XX:HeapBaseMinAddress
#     to set the Java Heap base and to place the Java Heap above 4GB virtual address.
# This output file may be truncated or incomplete.
#
#  Out of Memory Error (virtualSpaceNode.cpp:110), pid=50680, tid=45860
#
# JRE version: Java(TM) SE Runtime Environment (17.0.3.1+2) (build 17.0.3.1+2-LTS-6)
# Java VM: Java HotSpot(TM) 64-Bit Server VM (17.0.3.1+2-LTS-6, mixed mode, sharing, tiered, compressed oops, compressed class ptrs, g1 gc, windows-amd64)
# No core dump will be written. Minidumps are not enabled by default on client versions of Windows
#

---------------  S U M M A R Y ------------

Command Line: -Dfile.encoding=UTF-8 --module-path=C:\Users\rohit\Documents\NetBeansProjects\Electricity Billing System\build\classes electricity.billing.system.Login

Host: Intel(R) Core(TM) i5-8265U CPU @ 1.60GHz, 8 cores, 3G,  Windows 10 , 64 bit Build 19041 (10.0.19041.1503)
Time: Wed Jul 27 16:48:57 2022 India Standard Time elapsed time: 1.672784 seconds (0d 0h 0m 1s)

---------------  T H R E A D  ---------------

Current thread (0x0000026237e8d610):  JavaThread "AWT-Windows" daemon [_thread_in_vm, id=45860, stack(0x000000a4e0200000,0x000000a4e0300000)]

Stack: [0x000000a4e0200000,0x000000a4e0300000]
Native frames: (J=compiled Java code, j=interpreted, Vv=VM code, C=native code)
V  [jvm.dll+0x6711ba]
V  [jvm.dll+0x7d0834]
V  [jvm.dll+0x7d1fde]
V  [jvm.dll+0x7d2643]
V  [jvm.dll+0x242c85]
V  [jvm.dll+0x7cc7db]
V  [jvm.dll+0x616f96]
V  [jvm.dll+0x616ffa]
V  [jvm.dll+0x61980a]
V  [jvm.dll+0x617936]
V  [jvm.dll+0x23724f]
V  [jvm.dll+0x621655]
V  [jvm.dll+0x1e7f5b]
V  [jvm.dll+0x1e8495]
V  [jvm.dll+0x1e8ecf]
V  [jvm.dll+0x1de381]
V  [jvm.dll+0x537ee0]
V  [jvm.dll+0x1eeb67]
V  [jvm.dll+0x74a8ab]
V  [jvm.dll+0x74bc52]
V  [jvm.dll+0x74bf88]
V  [jvm.dll+0x23afde]
V  [jvm.dll+0x37b5de]
C  0x0000026222e8b80d

Java frames: (J=compiled Java code, j=interpreted, Vv=VM code)
j  sun.font.FileFont.createStrike(Lsun/font/FontStrikeDesc;)Lsun/font/FontStrike;+0 java.desktop@17.0.3.1
j  sun.font.Font2D.getStrike(Lsun/font/FontStrikeDesc;Z)Lsun/font/FontStrike;+85 java.desktop@17.0.3.1
j  sun.font.Font2D.getStrike(Lsun/font/FontStrikeDesc;)Lsun/font/FontStrike;+3 java.desktop@17.0.3.1
j  sun.font.CompositeStrike.getStrikeForSlot(I)Lsun/font/PhysicalStrike;+34 java.desktop@17.0.3.1
j  sun.font.CompositeStrike.getFontMetrics()Lsun/font/StrikeMetrics;+31 java.desktop@17.0.3.1
j  sun.font.FontDesignMetrics.initMatrixAndMetrics()V+28 java.desktop@17.0.3.1
j  sun.font.FontDesignMetrics.<init>(Ljava/awt/Font;Ljava/awt/font/FontRenderContext;)V+62 java.desktop@17.0.3.1
j  sun.font.FontDesignMetrics.getMetrics(Ljava/awt/Font;Ljava/awt/font/FontRenderContext;)Lsun/font/FontDesignMetrics;+128 java.desktop@17.0.3.1
j  sun.font.FontDesignMetrics.getMetrics(Ljava/awt/Font;)Lsun/font/FontDesignMetrics;+4 java.desktop@17.0.3.1
j  sun.awt.SunToolkit.getFontMetrics(Ljava/awt/Font;)Ljava/awt/FontMetrics;+1 java.desktop@17.0.3.1
j  sun.awt.windows.WToolkit.getFontMetrics(Ljava/awt/Font;)Ljava/awt/FontMetrics;+28 java.desktop@17.0.3.1
v  ~StubRoutines::call_stub
j  sun.awt.windows.WToolkit.eventLoop()V+0 java.desktop@17.0.3.1
j  sun.awt.windows.WToolkit.run()V+50 java.desktop@17.0.3.1
j  java.lang.Thread.run()V+11 java.base@17.0.3.1
v  ~StubRoutines::call_stub

---------------  P R O C E S S  ---------------

Threads class SMR info:
_java_thread_list=0x0000026237f56fe0, length=18, elements={
0x000002621b5eab10, 0x000002621b6bf4e0, 0x000002621b6c14f0, 0x0000026237060890,
0x0000026237063160, 0x0000026237063a20, 0x000002623706a000, 0x0000026237072c00,
0x0000026237074510, 0x0000026237087e10, 0x000002623705c840, 0x0000026237cc23f0,
0x0000026237e876f0, 0x0000026237e8a680, 0x0000026237e8d610, 0x0000026237f46010,
0x0000026237f88740, 0x0000026237ff9760
}

Java Threads: ( => current thread )
  0x000002621b5eab10 JavaThread "main" [_thread_in_native, id=23168, stack(0x000000a4ded00000,0x000000a4dee00000)]
  0x000002621b6bf4e0 JavaThread "Reference Handler" daemon [_thread_blocked, id=46840, stack(0x000000a4df400000,0x000000a4df500000)]
  0x000002621b6c14f0 JavaThread "Finalizer" daemon [_thread_blocked, id=41060, stack(0x000000a4df500000,0x000000a4df600000)]
  0x0000026237060890 JavaThread "Signal Dispatcher" daemon [_thread_blocked, id=46724, stack(0x000000a4df600000,0x000000a4df700000)]
  0x0000026237063160 JavaThread "Attach Listener" daemon [_thread_blocked, id=17440, stack(0x000000a4df700000,0x000000a4df800000)]
  0x0000026237063a20 JavaThread "Service Thread" daemon [_thread_blocked, id=9384, stack(0x000000a4df800000,0x000000a4df900000)]
  0x000002623706a000 JavaThread "Monitor Deflation Thread" daemon [_thread_blocked, id=12016, stack(0x000000a4df900000,0x000000a4dfa00000)]
  0x0000026237072c00 JavaThread "C2 CompilerThread0" daemon [_thread_blocked, id=19076, stack(0x000000a4dfa00000,0x000000a4dfb00000)]
  0x0000026237074510 JavaThread "C1 CompilerThread0" daemon [_thread_blocked, id=59772, stack(0x000000a4dfb00000,0x000000a4dfc00000)]
  0x0000026237087e10 JavaThread "Sweeper thread" daemon [_thread_blocked, id=36616, stack(0x000000a4dfc00000,0x000000a4dfd00000)]
  0x000002623705c840 JavaThread "Common-Cleaner" daemon [_thread_blocked, id=30660, stack(0x000000a4dfd00000,0x000000a4dfe00000)]
  0x0000026237cc23f0 JavaThread "Notification Thread" daemon [_thread_blocked, id=29352, stack(0x000000a4dfe00000,0x000000a4dff00000)]
  0x0000026237e876f0 JavaThread "Java2D Disposer" daemon [_thread_blocked, id=10756, stack(0x000000a4e0000000,0x000000a4e0100000)]
  0x0000026237e8a680 JavaThread "AWT-Shutdown" [_thread_blocked, id=20388, stack(0x000000a4e0100000,0x000000a4e0200000)]
=>0x0000026237e8d610 JavaThread "AWT-Windows" daemon [_thread_in_vm, id=45860, stack(0x000000a4e0200000,0x000000a4e0300000)]
  0x0000026237f46010 JavaThread "Image Fetcher 0" daemon [_thread_blocked, id=60796, stack(0x000000a4e0300000,0x000000a4e0400000)]
  0x0000026237f88740 JavaThread "Image Fetcher 1" daemon [_thread_blocked, id=49000, stack(0x000000a4e0400000,0x000000a4e0500000)]
  0x0000026237ff9760 JavaThread "AWT-EventQueue-0" [_thread_blocked, id=16608, stack(0x000000a4e0500000,0x000000a4e0600000)]

Other Threads:
  0x000002621b6b9110 VMThread "VM Thread" [stack: 0x000000a4df300000,0x000000a4df400000] [id=22276]
  0x0000026237cc28c0 WatcherThread [stack: 0x000000a4dff00000,0x000000a4e0000000] [id=35472]
  0x000002621b6260f0 GCTaskThread "GC Thread#0" [stack: 0x000000a4dee00000,0x000000a4def00000] [id=20096]
  0x000002621b62fbd0 ConcurrentGCThread "G1 Main Marker" [stack: 0x000000a4def00000,0x000000a4df000000] [id=55332]
  0x000002621b6320a0 ConcurrentGCThread "G1 Conc#0" [stack: 0x000000a4df000000,0x000000a4df100000] [id=26352]
  0x000002621b693b90 ConcurrentGCThread "G1 Refine#0" [stack: 0x000000a4df100000,0x000000a4df200000] [id=50036]
  0x000002621b6944c0 ConcurrentGCThread "G1 Service" [stack: 0x000000a4df200000,0x000000a4df300000] [id=14244]

Threads with active compile tasks:

VM state: not at safepoint (normal execution)

VM Mutex/Monitor currently owned by a thread:  ([mutex/lock_event])
[0x000002621b5e4ae0] Metaspace_lock - owner thread: 0x0000026237e8d610

Heap address: 0x00000000c1c00000, size: 996 MB, Compressed Oops mode: 32-bit

CDS archive(s) mapped at: [0x0000000800000000-0x0000000800bc0000-0x0000000800bc0000), size 12320768, SharedBaseAddress: 0x0000000800000000, ArchiveRelocationMode: 0.
Compressed class space mapped at: 0x0000000800c00000-0x0000000840c00000, reserved size: 1073741824
Narrow klass base: 0x0000000800000000, Narrow klass shift: 0, Narrow klass range: 0x100000000

GC Precious Log:
 CPUs: 8 total, 8 available
 Memory: 3982M
 Large Page Support: Disabled
 NUMA Support: Disabled
 Compressed Oops: Enabled (32-bit)
 Heap Region Size: 1M
 Heap Min Capacity: 8M
 Heap Initial Capacity: 64M
 Heap Max Capacity: 996M
 Pre-touch: Disabled
 Parallel Workers: 8
 Concurrent Workers: 2
 Concurrent Refinement Workers: 8
 Periodic GC: Disabled

Heap:
 garbage-first heap   total 65536K, used 14336K [0x00000000c1c00000, 0x0000000100000000)
  region size 1024K, 12 young (12288K), 0 survivors (0K)
 Metaspace       used 7406K, committed 7616K, reserved 1056768K
  class space    used 837K, committed 960K, reserved 1048576K

Heap Regions: E=young(eden), S=young(survivor), O=old, HS=humongous(starts), HC=humongous(continues), CS=collection set, F=free, OA=open archive, CA=closed archive, TAMS=top-at-mark-start (previous, next)
|   0|0x00000000c1c00000, 0x00000000c1d00000, 0x00000000c1d00000|100%|HS|  |TAMS 0x00000000c1c00000, 0x00000000c1c00000| Complete 
|   1|0x00000000c1d00000, 0x00000000c1e00000, 0x00000000c1e00000|100%|HS|  |TAMS 0x00000000c1d00000, 0x00000000c1d00000| Complete 
|   2|0x00000000c1e00000, 0x00000000c1f00000, 0x00000000c1f00000|100%|HC|  |TAMS 0x00000000c1e00000, 0x00000000c1e00000| Complete 
|   3|0x00000000c1f00000, 0x00000000c1f00000, 0x00000000c2000000|  0%| F|  |TAMS 0x00000000c1f00000, 0x00000000c1f00000| Untracked 
|   4|0x00000000c2000000, 0x00000000c2000000, 0x00000000c2100000|  0%| F|  |TAMS 0x00000000c2000000, 0x00000000c2000000| Untracked 
|   5|0x00000000c2100000, 0x00000000c2100000, 0x00000000c2200000|  0%| F|  |TAMS 0x00000000c2100000, 0x00000000c2100000| Untracked 
|   6|0x00000000c2200000, 0x00000000c2200000, 0x00000000c2300000|  0%| F|  |TAMS 0x00000000c2200000, 0x00000000c2200000| Untracked 
|   7|0x00000000c2300000, 0x00000000c2300000, 0x00000000c2400000|  0%| F|  |TAMS 0x00000000c2300000, 0x00000000c2300000| Untracked 
|   8|0x00000000c2400000, 0x00000000c2400000, 0x00000000c2500000|  0%| F|  |TAMS 0x00000000c2400000, 0x00000000c2400000| Untracked 
|   9|0x00000000c2500000, 0x00000000c2500000, 0x00000000c2600000|  0%| F|  |TAMS 0x00000000c2500000, 0x00000000c2500000| Untracked 
|  10|0x00000000c2600000, 0x00000000c2600000, 0x00000000c2700000|  0%| F|  |TAMS 0x00000000c2600000, 0x00000000c2600000| Untracked 
|  11|0x00000000c2700000, 0x00000000c2700000, 0x00000000c2800000|  0%| F|  |TAMS 0x00000000c2700000, 0x00000000c2700000| Untracked 
|  12|0x00000000c2800000, 0x00000000c2800000, 0x00000000c2900000|  0%| F|  |TAMS 0x00000000c2800000, 0x00000000c2800000| Untracked 
|  13|0x00000000c2900000, 0x00000000c2900000, 0x00000000c2a00000|  0%| F|  |TAMS 0x00000000c2900000, 0x00000000c2900000| Untracked 
|  14|0x00000000c2a00000, 0x00000000c2a00000, 0x00000000c2b00000|  0%| F|  |TAMS 0x00000000c2a00000, 0x00000000c2a00000| Untracked 
|  15|0x00000000c2b00000, 0x00000000c2b00000, 0x00000000c2c00000|  0%| F|  |TAMS 0x00000000c2b00000, 0x00000000c2b00000| Untracked 
|  16|0x00000000c2c00000, 0x00000000c2c00000, 0x00000000c2d00000|  0%| F|  |TAMS 0x00000000c2c00000, 0x00000000c2c00000| Untracked 
|  17|0x00000000c2d00000, 0x00000000c2d00000, 0x00000000c2e00000|  0%| F|  |TAMS 0x00000000c2d00000, 0x00000000c2d00000| Untracked 
|  18|0x00000000c2e00000, 0x00000000c2e00000, 0x00000000c2f00000|  0%| F|  |TAMS 0x00000000c2e00000, 0x00000000c2e00000| Untracked 
|  19|0x00000000c2f00000, 0x00000000c2f00000, 0x00000000c3000000|  0%| F|  |TAMS 0x00000000c2f00000, 0x00000000c2f00000| Untracked 
|  20|0x00000000c3000000, 0x00000000c3000000, 0x00000000c3100000|  0%| F|  |TAMS 0x00000000c3000000, 0x00000000c3000000| Untracked 
|  21|0x00000000c3100000, 0x00000000c3100000, 0x00000000c3200000|  0%| F|  |TAMS 0x00000000c3100000, 0x00000000c3100000| Untracked 
|  22|0x00000000c3200000, 0x00000000c3200000, 0x00000000c3300000|  0%| F|  |TAMS 0x00000000c3200000, 0x00000000c3200000| Untracked 
|  23|0x00000000c3300000, 0x00000000c3300000, 0x00000000c3400000|  0%| F|  |TAMS 0x00000000c3300000, 0x00000000c3300000| Untracked 
|  24|0x00000000c3400000, 0x00000000c3400000, 0x00000000c3500000|  0%| F|  |TAMS 0x00000000c3400000, 0x00000000c3400000| Untracked 
|  25|0x00000000c3500000, 0x00000000c3500000, 0x00000000c3600000|  0%| F|  |TAMS 0x00000000c3500000, 0x00000000c3500000| Untracked 
|  26|0x00000000c3600000, 0x00000000c3600000, 0x00000000c3700000|  0%| F|  |TAMS 0x00000000c3600000, 0x00000000c3600000| Untracked 
|  27|0x00000000c3700000, 0x00000000c3700000, 0x00000000c3800000|  0%| F|  |TAMS 0x00000000c3700000, 0x00000000c3700000| Untracked 
|  28|0x00000000c3800000, 0x00000000c3800000, 0x00000000c3900000|  0%| F|  |TAMS 0x00000000c3800000, 0x00000000c3800000| Untracked 
|  29|0x00000000c3900000, 0x00000000c3900000, 0x00000000c3a00000|  0%| F|  |TAMS 0x00000000c3900000, 0x00000000c3900000| Untracked 
|  30|0x00000000c3a00000, 0x00000000c3a00000, 0x00000000c3b00000|  0%| F|  |TAMS 0x00000000c3a00000, 0x00000000c3a00000| Untracked 
|  31|0x00000000c3b00000, 0x00000000c3b00000, 0x00000000c3c00000|  0%| F|  |TAMS 0x00000000c3b00000, 0x00000000c3b00000| Untracked 
|  32|0x00000000c3c00000, 0x00000000c3c00000, 0x00000000c3d00000|  0%| F|  |TAMS 0x00000000c3c00000, 0x00000000c3c00000| Untracked 
|  33|0x00000000c3d00000, 0x00000000c3d00000, 0x00000000c3e00000|  0%| F|  |TAMS 0x00000000c3d00000, 0x00000000c3d00000| Untracked 
|  34|0x00000000c3e00000, 0x00000000c3e00000, 0x00000000c3f00000|  0%| F|  |TAMS 0x00000000c3e00000, 0x00000000c3e00000| Untracked 
|  35|0x00000000c3f00000, 0x00000000c3f00000, 0x00000000c4000000|  0%| F|  |TAMS 0x00000000c3f00000, 0x00000000c3f00000| Untracked 
|  36|0x00000000c4000000, 0x00000000c4000000, 0x00000000c4100000|  0%| F|  |TAMS 0x00000000c4000000, 0x00000000c4000000| Untracked 
|  37|0x00000000c4100000, 0x00000000c4100000, 0x00000000c4200000|  0%| F|  |TAMS 0x00000000c4100000, 0x00000000c4100000| Untracked 
|  38|0x00000000c4200000, 0x00000000c4200000, 0x00000000c4300000|  0%| F|  |TAMS 0x00000000c4200000, 0x00000000c4200000| Untracked 
|  39|0x00000000c4300000, 0x00000000c4300000, 0x00000000c4400000|  0%| F|  |TAMS 0x00000000c4300000, 0x00000000c4300000| Untracked 
|  40|0x00000000c4400000, 0x00000000c4400000, 0x00000000c4500000|  0%| F|  |TAMS 0x00000000c4400000, 0x00000000c4400000| Untracked 
|  41|0x00000000c4500000, 0x00000000c4500000, 0x00000000c4600000|  0%| F|  |TAMS 0x00000000c4500000, 0x00000000c4500000| Untracked 
|  42|0x00000000c4600000, 0x00000000c4600000, 0x00000000c4700000|  0%| F|  |TAMS 0x00000000c4600000, 0x00000000c4600000| Untracked 
|  43|0x00000000c4700000, 0x00000000c4700000, 0x00000000c4800000|  0%| F|  |TAMS 0x00000000c4700000, 0x00000000c4700000| Untracked 
|  44|0x00000000c4800000, 0x00000000c4800000, 0x00000000c4900000|  0%| F|  |TAMS 0x00000000c4800000, 0x00000000c4800000| Untracked 
|  45|0x00000000c4900000, 0x00000000c4900000, 0x00000000c4a00000|  0%| F|  |TAMS 0x00000000c4900000, 0x00000000c4900000| Untracked 
|  46|0x00000000c4a00000, 0x00000000c4a00000, 0x00000000c4b00000|  0%| F|  |TAMS 0x00000000c4a00000, 0x00000000c4a00000| Untracked 
|  47|0x00000000c4b00000, 0x00000000c4b00000, 0x00000000c4c00000|  0%| F|  |TAMS 0x00000000c4b00000, 0x00000000c4b00000| Untracked 
|  48|0x00000000c4c00000, 0x00000000c4c00000, 0x00000000c4d00000|  0%| F|  |TAMS 0x00000000c4c00000, 0x00000000c4c00000| Untracked 
|  49|0x00000000c4d00000, 0x00000000c4d00000, 0x00000000c4e00000|  0%| F|  |TAMS 0x00000000c4d00000, 0x00000000c4d00000| Untracked 
|  50|0x00000000c4e00000, 0x00000000c4e00000, 0x00000000c4f00000|  0%| F|  |TAMS 0x00000000c4e00000, 0x00000000c4e00000| Untracked 
|  51|0x00000000c4f00000, 0x00000000c4f00000, 0x00000000c5000000|  0%| F|  |TAMS 0x00000000c4f00000, 0x00000000c4f00000| Untracked 
|  52|0x00000000c5000000, 0x00000000c5076838, 0x00000000c5100000| 46%| E|  |TAMS 0x00000000c5000000, 0x00000000c5000000| Complete 
|  53|0x00000000c5100000, 0x00000000c5200000, 0x00000000c5200000|100%| E|CS|TAMS 0x00000000c5100000, 0x00000000c5100000| Complete 
|  54|0x00000000c5200000, 0x00000000c5300000, 0x00000000c5300000|100%| E|CS|TAMS 0x00000000c5200000, 0x00000000c5200000| Complete 
|  55|0x00000000c5300000, 0x00000000c5400000, 0x00000000c5400000|100%| E|CS|TAMS 0x00000000c5300000, 0x00000000c5300000| Complete 
|  56|0x00000000c5400000, 0x00000000c5500000, 0x00000000c5500000|100%| E|CS|TAMS 0x00000000c5400000, 0x00000000c5400000| Complete 
|  57|0x00000000c5500000, 0x00000000c5600000, 0x00000000c5600000|100%| E|CS|TAMS 0x00000000c5500000, 0x00000000c5500000| Complete 
|  58|0x00000000c5600000, 0x00000000c5700000, 0x00000000c5700000|100%| E|CS|TAMS 0x00000000c5600000, 0x00000000c5600000| Complete 
|  59|0x00000000c5700000, 0x00000000c5800000, 0x00000000c5800000|100%| E|CS|TAMS 0x00000000c5700000, 0x00000000c5700000| Complete 
|  60|0x00000000c5800000, 0x00000000c5900000, 0x00000000c5900000|100%| E|CS|TAMS 0x00000000c5800000, 0x00000000c5800000| Complete 
|  61|0x00000000c5900000, 0x00000000c5a00000, 0x00000000c5a00000|100%| E|CS|TAMS 0x00000000c5900000, 0x00000000c5900000| Complete 
|  62|0x00000000c5a00000, 0x00000000c5b00000, 0x00000000c5b00000|100%| E|CS|TAMS 0x00000000c5a00000, 0x00000000c5a00000| Complete 
|  63|0x00000000c5b00000, 0x00000000c5c00000, 0x00000000c5c00000|100%| E|CS|TAMS 0x00000000c5b00000, 0x00000000c5b00000| Complete 

Card table byte_map: [0x00000262323a0000,0x00000262325a0000] _byte_map_base: 0x0000026231d92000

Marking Bits (Prev, Next): (CMBitMap*) 0x000002621b627620, (CMBitMap*) 0x000002621b627660
 Prev Bits: [0x00000262327a0000, 0x0000026233730000)
 Next Bits: [0x0000026233730000, 0x00000262346c0000)

Polling page: 0x0000026219600000

Metaspace:

Usage:
  Non-class:      6.42 MB used.
      Class:    837.14 KB used.
       Both:      7.23 MB used.

Virtual space:
  Non-class space:        8.00 MB reserved,       6.50 MB ( 81%) committed,  1 nodes.
      Class space:        1.00 GB reserved,     960.00 KB ( <1%) committed,  1 nodes.
             Both:        1.01 GB reserved,       7.44 MB ( <1%) committed. 

Chunk freelists:
   Non-Class:  1009.00 KB
       Class:  3.11 MB
        Both:  4.09 MB

MaxMetaspaceSize: unlimited
CompressedClassSpaceSize: 1.00 GB
Initial GC threshold: 21.00 MB
Current GC threshold: 21.00 MB
CDS: on
MetaspaceReclaimPolicy: balanced
 - commit_granule_bytes: 65536.
 - commit_granule_words: 8192.
 - virtual_space_node_default_size: 1048576.
 - enlarge_chunks_in_place: 1.
 - new_chunks_are_fully_committed: 0.
 - uncommit_free_chunks: 1.
 - use_allocation_guard: 0.
 - handle_deallocations: 1.


Internal statistics:

num_allocs_failed_limit: 0.
num_arena_births: 118.
num_arena_deaths: 0.
num_vsnodes_births: 2.
num_vsnodes_deaths: 0.
num_space_committed: 119.
num_space_uncommitted: 0.
num_chunks_returned_to_freelist: 0.
num_chunks_taken_from_freelist: 161.
num_chunk_merges: 0.
num_chunk_splits: 92.
num_chunks_enlarged: 34.
num_purges: 0.
num_inconsistent_stats: 0.

CodeHeap 'non-profiled nmethods': size=120000Kb used=234Kb max_used=234Kb free=119765Kb
 bounds [0x000002622a940000, 0x000002622abb0000, 0x0000026231e70000]
CodeHeap 'profiled nmethods': size=120000Kb used=1357Kb max_used=1357Kb free=118642Kb
 bounds [0x0000026223410000, 0x0000026223680000, 0x000002622a940000]
CodeHeap 'non-nmethods': size=5760Kb used=1254Kb max_used=1268Kb free=4505Kb
 bounds [0x0000026222e70000, 0x00000262230e0000, 0x0000026223410000]
 total_blobs=1390 nmethods=817 adapters=486
 compilation: enabled
              stopped_count=0, restarted_count=0
 full_count=0

Compilation events (20 events):
Event: 1.493 Thread 0x0000026237074510  807       3       jdk.internal.jimage.BasicImageReader::getLocationIndex (52 bytes)
Event: 1.493 Thread 0x0000026237074510 nmethod 807 0x0000026223560a10 code [0x0000026223560c00, 0x0000026223561098]
Event: 1.493 Thread 0x0000026237074510  808       3       jdk.internal.jimage.ImageStringsReader::hashCode (8 bytes)
Event: 1.493 Thread 0x0000026237074510 nmethod 808 0x0000026223561310 code [0x00000262235614c0, 0x0000026223561678]
Event: 1.493 Thread 0x0000026237074510  809       1       java.awt.Component::getParent_NoClientCode (5 bytes)
Event: 1.493 Thread 0x0000026237074510 nmethod 809 0x000002622a979b10 code [0x000002622a979ca0, 0x000002622a979d78]
Event: 1.535 Thread 0x0000026237074510  810       3       java.awt.Component::getTreeLock (4 bytes)
Event: 1.535 Thread 0x0000026237074510 nmethod 810 0x0000026223561790 code [0x0000026223561920, 0x0000026223561a38]
Event: 1.541 Thread 0x0000026237074510  811       1       java.nio.Buffer::position (5 bytes)
Event: 1.542 Thread 0x0000026237074510 nmethod 811 0x000002622a979e10 code [0x000002622a979fa0, 0x000002622a97a078]
Event: 1.543 Thread 0x0000026237074510  812       3       java.lang.Module::isNamed (13 bytes)
Event: 1.543 Thread 0x0000026237074510 nmethod 812 0x0000026223561b10 code [0x0000026223561ca0, 0x0000026223561e18]
Event: 1.636 Thread 0x0000026237072c00  814       4       java.nio.Buffer::scope (17 bytes)
Event: 1.636 Thread 0x0000026237074510  815       3       java.nio.Buffer::nextGetIndex (30 bytes)
Event: 1.637 Thread 0x0000026237074510 nmethod 815 0x0000026223561e90 code [0x0000026223562040, 0x0000026223562208]
Event: 1.637 Thread 0x0000026237074510  816   !   3       jdk.internal.misc.ScopedMemoryAccess::getShortUnaligned (22 bytes)
Event: 1.637 Thread 0x0000026237072c00 nmethod 814 0x000002622a97a590 code [0x000002622a97a700, 0x000002622a97a798]
Event: 1.638 Thread 0x0000026237074510 nmethod 816 0x0000026223562310 code [0x0000026223562500, 0x0000026223562b08]
Event: 1.638 Thread 0x0000026237074510  817   !   3       jdk.internal.misc.ScopedMemoryAccess::getShortUnalignedInternal (38 bytes)
Event: 1.639 Thread 0x0000026237074510 nmethod 817 0x0000026223562d90 code [0x0000026223562f60, 0x0000026223563318]

GC Heap History (0 events):
No events

Deoptimization events (8 events):
Event: 0.353 Thread 0x000002621b5eab10 Uncommon trap: trap_request=0xffffff45 fr.pc=0x000002622a94e098 relative=0x0000000000000838
Event: 0.354 Thread 0x000002621b5eab10 Uncommon trap: reason=unstable_if action=reinterpret pc=0x000002622a94e098 method=java.util.HashMap.putVal(ILjava/lang/Object;Ljava/lang/Object;ZZ)Ljava/lang/Object; @ 81 c2
Event: 0.354 Thread 0x000002621b5eab10 DEOPT PACKING pc=0x000002622a94e098 sp=0x000000a4dedfe020
Event: 0.354 Thread 0x000002621b5eab10 DEOPT UNPACKING pc=0x0000026222ec23a3 sp=0x000000a4dedfdfc0 mode 2
Event: 1.460 Thread 0x000002621b5eab10 Uncommon trap: trap_request=0xffffff45 fr.pc=0x000002622a96bc68 relative=0x0000000000000368
Event: 1.460 Thread 0x000002621b5eab10 Uncommon trap: reason=unstable_if action=reinterpret pc=0x000002622a96bc68 method=java.lang.StringUTF16.compress([CI[BII)I @ 20 c2
Event: 1.460 Thread 0x000002621b5eab10 DEOPT PACKING pc=0x000002622a96bc68 sp=0x000000a4dedfcce0
Event: 1.460 Thread 0x000002621b5eab10 DEOPT UNPACKING pc=0x0000026222ec23a3 sp=0x000000a4dedfcc60 mode 2

Classes unloaded (0 events):
No events

Classes redefined (0 events):
No events

Internal exceptions (18 events):
Event: 0.297 Thread 0x000002621b5eab10 Exception <a 'sun/nio/fs/WindowsException'{0x00000000c5a40060}> (0x00000000c5a40060) 
thrown [t:\workspace\open\src\hotspot\share\prims\jni.cpp, line 516]
Event: 0.298 Thread 0x000002621b5eab10 Exception <a 'sun/nio/fs/WindowsException'{0x00000000c5a405f0}> (0x00000000c5a405f0) 
thrown [t:\workspace\open\src\hotspot\share\prims\jni.cpp, line 516]
Event: 0.305 Thread 0x000002621b5eab10 Exception <a 'sun/nio/fs/WindowsException'{0x00000000c5a42ae0}> (0x00000000c5a42ae0) 
thrown [t:\workspace\open\src\hotspot\share\prims\jni.cpp, line 516]
Event: 0.307 Thread 0x000002621b5eab10 Exception <a 'sun/nio/fs/WindowsException'{0x00000000c5a43608}> (0x00000000c5a43608) 
thrown [t:\workspace\open\src\hotspot\share\prims\jni.cpp, line 516]
Event: 0.395 Thread 0x000002621b5eab10 Exception <a 'java/lang/ClassNotFoundException'{0x00000000c5914748}: sun/awt/resources/spi/awtProvider> (0x00000000c5914748) 
thrown [t:\workspace\open\src\hotspot\share\classfile\systemDictionary.cpp, line 256]
Event: 0.442 Thread 0x000002621b5eab10 Exception <a 'java/io/FileNotFoundException'{0x00000000c59677d0}> (0x00000000c59677d0) 
thrown [t:\workspace\open\src\hotspot\share\prims\jni.cpp, line 516]
Event: 0.452 Thread 0x000002621b5eab10 Exception <a 'java/io/FileNotFoundException'{0x00000000c5994978}> (0x00000000c5994978) 
thrown [t:\workspace\open\src\hotspot\share\prims\jni.cpp, line 516]
Event: 0.559 Thread 0x000002621b5eab10 Exception <a 'java/lang/NoSuchMethodError'{0x00000000c59d8a58}: 'java.lang.Object java.lang.invoke.DirectMethodHandle$Holder.invokeStaticInit(java.lang.Object)'> (0x00000000c59d8a58) 
thrown [t:\workspace\open\src\hotspot\share\interpreter\linkResolver.cpp, line 766]
Event: 0.636 Thread 0x000002621b5eab10 Exception <a 'java/lang/NoSuchMethodError'{0x00000000c58358b8}: 'void java.lang.invoke.DirectMethodHandle$Holder.invokeSpecial(java.lang.Object, java.lang.Object, java.lang.Object)'> (0x00000000c58358b8) 
thrown [t:\workspace\open\src\hotspot\share\interpreter\linkResolver.cpp, line 766]
Event: 0.654 Thread 0x000002621b5eab10 Exception <a 'java/lang/NoSuchMethodError'{0x00000000c585fa58}: 'java.lang.Object java.lang.invoke.DirectMethodHandle$Holder.newInvokeSpecial(java.lang.Object, java.lang.Object, java.lang.Object, java.lang.Object, java.lang.Object)'> (0x00000000c585fa58) 
thrown [t:\workspace\open\src\hotspot\share\interpreter\linkResolver.cpp, line 766]
Event: 0.656 Thread 0x000002621b5eab10 Exception <a 'java/lang/NoSuchMethodError'{0x00000000c586b420}: 'java.lang.Object java.lang.invoke.DirectMethodHandle$Holder.invokeStatic(java.lang.Object, int, java.lang.Object, java.lang.Object, java.lang.Object, java.lang.Object)'> (0x00000000c586b420) 
thrown [t:\workspace\open\src\hotspot\share\interpreter\linkResolver.cpp, line 766]
Event: 0.662 Thread 0x000002621b5eab10 Exception <a 'java/lang/NoSuchMethodError'{0x00000000c5891288}: 'java.lang.Object java.lang.invoke.DirectMethodHandle$Holder.invokeStatic(java.lang.Object, int, java.lang.Object)'> (0x00000000c5891288) 
thrown [t:\workspace\open\src\hotspot\share\interpreter\linkResolver.cpp, line 766]
Event: 0.826 Thread 0x000002621b5eab10 Exception <a 'java/lang/ClassNotFoundException'{0x00000000c5749330}: com/sun/swing/internal/plaf/metal/resources/spi/metalProvider> (0x00000000c5749330) 
thrown [t:\workspace\open\src\hotspot\share\classfile\systemDictionary.cpp, line 256]
Event: 0.851 Thread 0x000002621b5eab10 Exception <a 'java/lang/ClassNotFoundException'{0x00000000c574d138}: com/sun/swing/internal/plaf/basic/resources/spi/basicProvider> (0x00000000c574d138) 
thrown [t:\workspace\open\src\hotspot\share\classfile\systemDictionary.cpp, line 256]
Event: 1.301 Thread 0x0000026237f46010 Exception <a 'java/lang/NoSuchMethodError'{0x00000000c5565250}: 'java.lang.Object java.lang.invoke.DirectMethodHandle$Holder.newInvokeSpecial(java.lang.Object, java.lang.Object, java.lang.Object, int, int, int, int, int)'> (0x00000000c5565250) 
thrown [t:\workspace\open\src\hotspot\share\interpreter\linkResolver.cpp, line 766]
Event: 1.394 Thread 0x0000026237e8d610 Exception <a 'java/lang/NoSuchMethodError'{0x00000000c59fcb78}: 'void java.lang.invoke.DirectMethodHandle$Holder.invokeVirtual(java.lang.Object, java.lang.Object)'> (0x00000000c59fcb78) 
thrown [t:\workspace\open\src\hotspot\share\interpreter\linkResolver.cpp, line 766]
Event: 1.429 Thread 0x000002621b5eab10 Exception <a 'java/lang/NoSuchMethodError'{0x00000000c57b78d0}: 'void java.lang.invoke.DirectMethodHandle$Holder.invokeStaticInit(java.lang.Object)'> (0x00000000c57b78d0) 
thrown [t:\workspace\open\src\hotspot\share\interpreter\linkResolver.cpp, line 766]
Event: 1.449 Thread 0x000002621b5eab10 Exception <a 'java/io/FileNotFoundException'{0x00000000c57c3898}> (0x00000000c57c3898) 
thrown [t:\workspace\open\src\hotspot\share\prims\jni.cpp, line 516]

VM Operations (10 events):
Event: 0.308 Executing VM operation: HandshakeAllThreads
Event: 0.308 Executing VM operation: HandshakeAllThreads done
Event: 1.091 Executing VM operation: HandshakeAllThreads
Event: 1.091 Executing VM operation: HandshakeAllThreads done
Event: 1.475 Executing VM operation: HandshakeAllThreads
Event: 1.475 Executing VM operation: HandshakeAllThreads done
Event: 1.475 Executing VM operation: Cleanup
Event: 1.475 Executing VM operation: Cleanup done
Event: 1.597 Executing VM operation: HandshakeAllThreads
Event: 1.597 Executing VM operation: HandshakeAllThreads done

Events (20 events):
Event: 1.562 loading class sun/nio/ch/Util done
Event: 1.562 loading class sun/nio/ch/Util$1
Event: 1.568 loading class sun/nio/ch/Util$1 done
Event: 1.568 loading class sun/nio/ch/Util$BufferCache
Event: 1.569 loading class sun/nio/ch/Util$BufferCache done
Event: 1.569 loading class java/nio/DirectByteBuffer$Deallocator
Event: 1.579 loading class java/nio/DirectByteBuffer$Deallocator done
Event: 1.580 loading class java/nio/ByteBufferAsIntBufferB
Event: 1.597 loading class java/nio/ByteBufferAsIntBufferB done
Event: 1.598 loading class sun/font/TrueTypeFont$DirectoryEntry
Event: 1.598 loading class sun/font/TrueTypeFont$DirectoryEntry done
Event: 1.599 loading class java/nio/ByteBufferAsShortBufferB
Event: 1.615 loading class java/nio/ShortBuffer
Event: 1.633 loading class java/nio/ShortBuffer done
Event: 1.633 loading class java/nio/ByteBufferAsShortBufferB done
Event: 1.634 loading class jdk/internal/misc/ScopedMemoryAccess$Scope
Event: 1.636 loading class jdk/internal/misc/ScopedMemoryAccess$Scope done
Event: 1.636 loading class sun/nio/cs/UTF_16$Decoder
Event: 1.636 loading class sun/nio/cs/UTF_16$Decoder done
Event: 1.637 loading class sun/font/FileFontStrike


Dynamic libraries:
0x00007ff6a7290000 - 0x00007ff6a72a0000 	C:\Program Files\Java\jdk-17.0.3.1\bin\java.exe
0x00007ff817370000 - 0x00007ff817565000 	C:\WINDOWS\SYSTEM32\ntdll.dll
0x00007ff815600000 - 0x00007ff8156be000 	C:\WINDOWS\System32\KERNEL32.DLL
0x00007ff814d10000 - 0x00007ff814fd8000 	C:\WINDOWS\System32\KERNELBASE.dll
0x00007ff815030000 - 0x00007ff815130000 	C:\WINDOWS\System32\ucrtbase.dll
0x00007ff810210000 - 0x00007ff81022a000 	C:\Program Files\Java\jdk-17.0.3.1\bin\VCRUNTIME140.dll
0x00007ff801a70000 - 0x00007ff801a88000 	C:\Program Files\Java\jdk-17.0.3.1\bin\jli.dll
0x00007ff8153c0000 - 0x00007ff81546e000 	C:\WINDOWS\System32\ADVAPI32.dll
0x00007ff8162b0000 - 0x00007ff81634e000 	C:\WINDOWS\System32\msvcrt.dll
0x00007ff816620000 - 0x00007ff8166bc000 	C:\WINDOWS\System32\sechost.dll
0x00007ff817200000 - 0x00007ff817325000 	C:\WINDOWS\System32\RPCRT4.dll
0x00007ff8163d0000 - 0x00007ff816570000 	C:\WINDOWS\System32\USER32.dll
0x00007ff814ce0000 - 0x00007ff814d02000 	C:\WINDOWS\System32\win32u.dll
0x00007ffff2cb0000 - 0x00007ffff2f4a000 	C:\WINDOWS\WinSxS\amd64_microsoft.windows.common-controls_6595b64144ccf1df_6.0.19041.1110_none_60b5254171f9507e\COMCTL32.dll
0x00007ff816150000 - 0x00007ff81617b000 	C:\WINDOWS\System32\GDI32.dll
0x00007ff814bd0000 - 0x00007ff814cdd000 	C:\WINDOWS\System32\gdi32full.dll
0x00007ff814b30000 - 0x00007ff814bcd000 	C:\WINDOWS\System32\msvcp_win.dll
0x00007ff80d760000 - 0x00007ff80d76a000 	C:\WINDOWS\SYSTEM32\VERSION.dll
0x00007ff816100000 - 0x00007ff816130000 	C:\WINDOWS\System32\IMM32.DLL
0x00007ff811e70000 - 0x00007ff811e7c000 	C:\Program Files\Java\jdk-17.0.3.1\bin\vcruntime140_1.dll
0x00007ff800660000 - 0x00007ff8006ed000 	C:\Program Files\Java\jdk-17.0.3.1\bin\msvcp140.dll
0x00007fffc34a0000 - 0x00007fffc4060000 	C:\Program Files\Java\jdk-17.0.3.1\bin\server\jvm.dll
0x00007ff816570000 - 0x00007ff816578000 	C:\WINDOWS\System32\PSAPI.DLL
0x00007ffffa110000 - 0x00007ffffa137000 	C:\WINDOWS\SYSTEM32\WINMM.dll
0x00007ffffc0f0000 - 0x00007ffffc0f9000 	C:\WINDOWS\SYSTEM32\WSOCK32.dll
0x00007ff816360000 - 0x00007ff8163cb000 	C:\WINDOWS\System32\ws2_32.DLL
0x00007ff813310000 - 0x00007ff813322000 	C:\WINDOWS\SYSTEM32\kernel.appcore.dll
0x00007ff810200000 - 0x00007ff81020a000 	C:\Program Files\Java\jdk-17.0.3.1\bin\jimage.dll
0x00007ff812fd0000 - 0x00007ff8131b4000 	C:\WINDOWS\SYSTEM32\DBGHELP.DLL
0x00007fffff020000 - 0x00007fffff04c000 	C:\WINDOWS\SYSTEM32\dbgcore.DLL
0x00007ff8152c0000 - 0x00007ff815342000 	C:\WINDOWS\System32\bcryptPrimitives.dll
0x00007ff808a70000 - 0x00007ff808a95000 	C:\Program Files\Java\jdk-17.0.3.1\bin\java.dll
0x00007fffffb20000 - 0x00007fffffbf6000 	C:\Program Files\Java\jdk-17.0.3.1\bin\jsvml.dll
0x00007ff816780000 - 0x00007ff816ec4000 	C:\WINDOWS\System32\SHELL32.dll
0x00007ff812830000 - 0x00007ff812fc4000 	C:\WINDOWS\SYSTEM32\windows.storage.dll
0x00007ff8156c0000 - 0x00007ff815a15000 	C:\WINDOWS\System32\combase.dll
0x00007ff814400000 - 0x00007ff81442e000 	C:\WINDOWS\SYSTEM32\Wldp.dll
0x00007ff815a20000 - 0x00007ff815acd000 	C:\WINDOWS\System32\SHCORE.dll
0x00007ff8155a0000 - 0x00007ff8155f5000 	C:\WINDOWS\System32\shlwapi.dll
0x00007ff8149c0000 - 0x00007ff8149df000 	C:\WINDOWS\SYSTEM32\profapi.dll
0x00007ff80c940000 - 0x00007ff80c959000 	C:\Program Files\Java\jdk-17.0.3.1\bin\net.dll
0x00007ff805090000 - 0x00007ff80519c000 	C:\WINDOWS\SYSTEM32\WINHTTP.dll
0x00007ff814160000 - 0x00007ff8141ca000 	C:\WINDOWS\system32\mswsock.dll
0x00007ff8028b0000 - 0x00007ff8028c6000 	C:\Program Files\Java\jdk-17.0.3.1\bin\nio.dll
0x00007ff8025e0000 - 0x00007ff8025f8000 	C:\Program Files\Java\jdk-17.0.3.1\bin\zip.dll
0x00007fffd6c20000 - 0x00007fffd6daf000 	C:\Program Files\Java\jdk-17.0.3.1\bin\awt.dll
0x00007ff817130000 - 0x00007ff8171fd000 	C:\WINDOWS\System32\OLEAUT32.dll
0x00007ff811ee0000 - 0x00007ff811f70000 	C:\WINDOWS\SYSTEM32\apphelp.dll
0x00007ff8122a0000 - 0x00007ff8122cf000 	C:\WINDOWS\system32\DWMAPI.DLL
0x00007ff8120b0000 - 0x00007ff81214e000 	C:\WINDOWS\system32\uxtheme.dll
0x00007ff800ff0000 - 0x00007ff801115000 	C:\WINDOWS\system32\opengl32.dll
0x00007ff80d4a0000 - 0x00007ff80d4cc000 	C:\WINDOWS\SYSTEM32\GLU32.dll
0x00007ff817010000 - 0x00007ff817126000 	C:\WINDOWS\System32\MSCTF.dll
0x00007ff816180000 - 0x00007ff8162aa000 	C:\WINDOWS\System32\ole32.dll
0x00007ff801a30000 - 0x00007ff801a5d000 	C:\Program Files\Java\jdk-17.0.3.1\bin\javajpeg.dll
0x00007ffffe800000 - 0x00007ffffe889000 	C:\Program Files\Java\jdk-17.0.3.1\bin\freetype.dll
0x00007ffff1f60000 - 0x00007ffff2008000 	C:\Program Files\Java\jdk-17.0.3.1\bin\fontmanager.dll
0x00007ff815470000 - 0x00007ff815519000 	C:\WINDOWS\System32\clbcatq.dll
0x00007ff80dd20000 - 0x00007ff80ded4000 	C:\WINDOWS\SYSTEM32\WindowsCodecs.dll
0x00007ff815130000 - 0x00007ff815157000 	C:\WINDOWS\System32\bcrypt.dll

dbghelp: loaded successfully - version: 4.0.5 - missing functions: none
symbol engine: initialized successfully - sym options: 0x614 - pdb path: .;C:\Program Files\Java\jdk-17.0.3.1\bin;C:\WINDOWS\SYSTEM32;C:\WINDOWS\WinSxS\amd64_microsoft.windows.common-controls_6595b64144ccf1df_6.0.19041.1110_none_60b5254171f9507e;C:\Program Files\Java\jdk-17.0.3.1\bin\server

VM Arguments:
jvm_args: -Dfile.encoding=UTF-8 --module-path=C:\Users\rohit\Documents\NetBeansProjects\Electricity Billing System\build\classes 
java_command: electricity.billing.system.Login
java_class_path (initial): C:\Users\rohit\Downloads\mysql-connector-java-8.0.28.jar;C:\Users\rohit\Documents\Downloads\rs2xml.jar;C:\Users\rohit\Documents\NetBeansProjects\Electricity Billing System\build\classes
Launcher Type: SUN_STANDARD

[Global flags]
     intx CICompilerCount                          = 4                                         {product} {ergonomic}
     uint ConcGCThreads                            = 2                                         {product} {ergonomic}
     uint G1ConcRefinementThreads                  = 8                                         {product} {ergonomic}
   size_t G1HeapRegionSize                         = 1048576                                   {product} {ergonomic}
    uintx GCDrainStackTargetSize                   = 64                                        {product} {ergonomic}
   size_t InitialHeapSize                          = 67108864                                  {product} {ergonomic}
   size_t MarkStackSize                            = 4194304                                   {product} {ergonomic}
   size_t MaxHeapSize                              = 1044381696                                {product} {ergonomic}
   size_t MaxNewSize                               = 625999872                                 {product} {ergonomic}
   size_t MinHeapDeltaBytes                        = 1048576                                   {product} {ergonomic}
   size_t MinHeapSize                              = 8388608                                   {product} {ergonomic}
    uintx NonNMethodCodeHeapSize                   = 5839372                                {pd product} {ergonomic}
    uintx NonProfiledCodeHeapSize                  = 122909434                              {pd product} {ergonomic}
    uintx ProfiledCodeHeapSize                     = 122909434                              {pd product} {ergonomic}
    uintx ReservedCodeCacheSize                    = 251658240                              {pd product} {ergonomic}
     bool SegmentedCodeCache                       = true                                      {product} {ergonomic}
   size_t SoftMaxHeapSize                          = 1044381696                             {manageable} {ergonomic}
     bool UseCompressedClassPointers               = true                           {product lp64_product} {ergonomic}
     bool UseCompressedOops                        = true                           {product lp64_product} {ergonomic}
     bool UseG1GC                                  = true                                      {product} {ergonomic}
     bool UseLargePagesIndividualAllocation        = false                                  {pd product} {ergonomic}

Logging:
Log output configuration:
 #0: stdout all=warning uptime,level,tags
 #1: stderr all=off uptime,level,tags

Environment Variables:
PATH=C:\Program Files\Common Files\Oracle\Java\javapath;C:\db_home\bin;C:\Users\rohit\Downloads\WINDOWS.X64_193000_db_home\bin;C:\Program Files (x86)\Common Files\Intel\Shared Files\cpp\bin\Intel64;C:\WINDOWS\system32;C:\WINDOWS;C:\WINDOWS\System32\Wbem;C:\WINDOWS\System32\WindowsPowerShell\v1.0\;C:\WINDOWS\System32\OpenSSH\;C:\Program Files\dotnet\;C:\Program Files (x86)\dotnet\;C:\Program Files\Java\jdk-17.0.3.1\bin;C:\Program Files\MySQL\MySQL Server 8.0\bin;C:\Program Files\MySQL\MySQL Shell 8.0\bin\;C:\Users\rohit\AppData\Local\Programs\Python\Python39\Scripts\;C:\Users\rohit\AppData\Local\Programs\Python\Python39\;C:\Users\rohit\AppData\Local\Microsoft\WindowsApps;
USERNAME=rohit
OS=Windows_NT
PROCESSOR_IDENTIFIER=Intel64 Family 6 Model 142 Stepping 12, GenuineIntel



---------------  S Y S T E M  ---------------

OS:
 Windows 10 , 64 bit Build 19041 (10.0.19041.1503)
OS uptime: 43 days 20:25 hours

CPU: total 8 (initial active 8) (4 cores per cpu, 2 threads per core) family 6 model 142 stepping 12 microcode 0xb8, cx8, cmov, fxsr, ht, mmx, 3dnowpref, sse, sse2, sse3, ssse3, sse4.1, sse4.2, popcnt, lzcnt, tsc, tscinvbit, avx, avx2, aes, erms, clmul, bmi1, bmi2, adx, fma, vzeroupper, clflush, clflushopt

Memory: 4k page, system-wide physical 3982M (225M free)
TotalPageFile size 16270M (AvailPageFile size 0M)
current process WorkingSet (physical memory assigned to process): 61M, peak: 61M
current process commit charge ("private bytes"): 155M, peak: 155M

vm_info: Java HotSpot(TM) 64-Bit Server VM (17.0.3.1+2-LTS-6) for windows-amd64 JRE (17.0.3.1+2-LTS-6), built on Apr 25 2022 22:04:21 by "mach5one" with MS VC++ 16.8 / 16.9 (VS2019)

END.
